30 results for ABT
30 results for HON
30 results for AEP
30 results for BA
30 results for BMY
30 results for CPB
30 results for CAT
30 results for CVX
30 results for KO
30 results for CL
30 results for ED
30 results for GLW
30 results for DE
30 results for DTE
30 results for D
30 results for DWDP
30 results for ETN
30 results for XOM
30 results for F
30 results for GD
30 results for GE
30 results for GT
30 results for HAL
30 results for HSY
30 results for IBM
30 results for IP
30 results for K
30 results for KMB
30 results for KR
30 results for SPGI
30 results for CVS
30 results for MRK
30 results for ETR
30 results for MMM
30 results for MSI
30 results for NSC
30 results for XEL
30 results for FE
30 results for PPG
30 results for PCG
30 results for SRE
30 results for PEP
30 results for PFE
30 results for EXC
30 results for MO
30 results for COP
30 results for PG
30 results for PEG
30 results for RTN
30 results for ROK
30 results for EIX
30 results for SO
30 results for TXN
30 results for UNP
30 results for UTX
30 results for WY
30 results for WHR
30 results for XRX
30 results for SHW
30 results for CMI
30 results for EMR
30 results for SLB
30 results for CSX
30 results for CLX
30 results for GIS
30 results for NEM
30 results for MCD
30 results for LLY
30 results for BAX
30 results for BDX
30 results for JNJ
30 results for GPC
30 results for HPQ
30 results for WMB
30 results for BCR
30 results for IFF
30 results for AET
30 results for AXP
30 results for CI
sleeping for 1 h
30 results for JPM
30 results for TAP
30 results for DIS
30 results for DUK
30 results for NEE
30 results for LNC
30 results for BAC
30 results for WFC
30 results for TGT
30 results for INTC
30 results for TXT
30 results for VFC
30 results for WBA
30 results for AIG
30 results for FLR
30 results for FDX
30 results for PCAR
30 results for ADP
30 results for GWW
30 results for MAS
30 results for ADM
30 results for MAT
30 results for WMT
30 results for SNA
30 results for SWK
30 results for BF.B
30 results for AAPL
30 results for OXY
30 results for CAG
30 results for LB
30 results for VZ
30 results for T
30 results for LOW
30 results for PHM
30 results for HES
30 results for LMT
30 results for HAS
30 results for BLL
30 results for APD
30 results for NUE
30 results for PKI
30 results for NOC
30 results for CNP
30 results for TJX
30 results for DOV
30 results for PH
30 results for ITW
30 results for JCI
30 results for GPS
30 results for JWN
30 results for MDT
30 results for HRB
30 results for SYY
30 results for CA
30 results for MMC
30 results for AVY
30 results for HD
30 results for PNC
30 results for C
30 results for STI
30 results for NKE
30 results for ECL
30 results for NWL
30 results for TMK
30 results for ORCL
30 results for ADSK
30 results for MRO
30 results for AEE
30 results for AMGN
30 results for PX
30 results for IPG
30 results for COST
30 results for CSCO
30 results for EMN
30 results for KEY
30 results for UNM
30 results for MSFT
30 results for LUV
30 results for UNH
30 results for CBS
30 results for MU
30 results for BSX
sleeping for 1 h
30 results for AMAT
30 results for BK
30 results for L
30 results for DRI
30 results for ALL
30 results for FCX
30 results for MS
30 results for M
30 results for PPL
30 results for CMA
30 results for HUM
30 results for HIG
30 results for FITB
30 results for AON
30 results for TMO
30 results for AZO
30 results for ADBE
30 results for CAH
30 results for SCHW
30 results for EFX
30 results for APA
30 results for APC
30 results for PGR
30 results for HBAN
30 results for STT
30 results for KLAC
30 results for YUM
30 results for BBT
30 results for CINF
30 results for OMC
30 results for NTRS
30 results for SEE
30 results for BEN
30 results for MAR
30 results for NAVI
30 results for COF
30 results for WM
30 results for KSS
30 results for RF
30 results for PAYX
30 results for AES
30 results for SPLS
30 results for DHR
30 results for CCL
30 results for USB
29 results for TWX
30 results for MCK
30 results for CTL
30 results for AGN
30 results for CMS
30 results for AFL
30 results for NTAP
30 results for BBY
30 results for VMC
30 results for QCOM
30 results for PNW
30 results for ADI
30 results for TROW
30 results for LEG
30 results for XLNX
30 results for CTXS
30 results for HOG
30 results for A
30 results for SBUX
30 results for TIF
30 results for DVN
30 results for MCO
30 results for NI
30 results for EOG
30 results for RHI
30 results for INTU
30 results for MET
30 results for SYK
30 results for CTAS
30 results for FISV
30 results for ZION
30 results for COL
30 results for ZBH
30 results for ABC
30 results for XL
30 results for NVDA
sleeping for 1 h
30 results for EQR
30 results for WAT
30 results for SPG
30 results for UPS
30 results for EA
30 results for EBAY
30 results for GS
30 results for PRU
30 results for PFG
30 results for ANTM
30 results for MON
30 results for CMCSA
30 results for DGX
30 results for AIV
30 results for MKC
30 results for SYMC
30 results for PLD
30 results for ESRX
30 results for BIIB
30 results for MTB
30 results for ETFC
30 results for MYL
30 results for VLO
30 results for TRV
30 results for GILD
30 results for COH
30 results for LH
30 results for LLL
30 results for FOXA
30 results for NOV
30 results for STZ
30 results for DHI
30 results for TSN
30 results for VNO
30 results for PSA
30 results for AMP
30 results for LEN
30 results for PDCO
30 results for AMZN
30 results for VIAB
30 results for EL
30 results for VRSN
30 results for CHK
30 results for KIM
30 results for BXP
30 results for GOOGL
30 results for JNPR
30 results for WYN
30 results for CME
30 results for WU
30 results for CELG
30 results for FIS
30 results for CBG
30 results for CTSH
30 results for AVB
30 results for RL
30 results for VAR
30 results for CHRW
30 results for HST
30 results for MDLZ
30 results for AIZ
30 results for DFS
30 results for AKAM
30 results for LUK
30 results for MCHP
30 results for ICE
30 results for ANDV
30 results for EXPE
30 results for NBL
30 results for EXPD
30 results for JEC
30 results for AMT
30 results for RRC
30 results for TSS
30 results for HCP
30 results for PM
30 results for ISRG
30 results for COG
30 results for SNI
30 results for MA
30 results for DVA
30 results for IVZ
30 results for CF
30 results for FAST
30 results for CRM
30 results for HRS
30 results for PXD
30 results for APH
30 results for FLS
30 results for DPS
30 results for NDAQ
30 results for WEC
30 results for SJM
30 results for PBCT
30 results for XRAY
30 results for WYNN
30 results for SRCL
30 results for RSG
30 results for EQT
30 results for SCG
30 results for FLIR
30 results for IRM
30 results for HCN
30 results for HRL
30 results for VTR
30 results for ES
30 results for ORLY
30 results for WDC
30 results for PWR
30 results for RHT
30 results for FMC
30 results for PCLN
30 results for ROST
30 results for V
30 results for ROP
30 results for NRG
30 results for BRK.B
30 results for HP
30 results for DISCA
30 results for OKE
30 results for CERN
30 results for KMX
30 results for CB
29 results for IR
30 results for NFX
30 results for FFIV
30 results for NFLX
30 results for EW
30 results for BLK
30 results for CMG
30 results for MPC
30 results for ACN
30 results for MOS
30 results for TEL
30 results for XYL
30 results for PRGO
30 results for BWA
30 results for DLTR
30 results for TRIP
30 results for CCI
30 results for PSX
30 results for KMI
30 results for ALXN
30 results for LRCX
30 results for MNST
30 results for STX
30 results for LYB
30 results for PNR
30 results for DG
30 results for GRMN
30 results for DLPH
30 results for ABBV
30 results for PVH
30 results for REGN
30 results for MAC
30 results for KSU
30 results for GM
30 results for ZTS
30 results for NWSA
30 results for NLSN
30 results for DAL
30 results for AME
30 results for VRTX
30 results for KORS
30 results for ALLE
30 results for GGP
30 results for MHK
30 results for ADS
30 results for FB
30 results for TSCO
30 results for ESS
30 results for GOOGL
30 results for UAA
30 results for AVGO
30 results for XEC
30 results for AMG
30 results for MLM
30 results for DISCA
30 results for UHS
30 results for URI
30 results for LVLT
30 results for RCL
30 results for HCA
30 results for SWKS
30 results for HSIC
30 results for AAL
30 results for SLG
30 results for EQIX
30 results for HBI
30 results for O
30 results for QRVO
30 results for JBHT
30 results for WRK
30 results for KHC
30 results for AAP
30 results for PYPL
30 results for SIG
30 results for ATVI
30 results for UAL
30 results for FOXA
sleeping for 1 h
30 results for NWSA
30 results for VRSK
30 results for HPE
30 results for SYF
30 results for ILMN
30 results for CSRA
30 results for CHD
30 results for WLTW
30 results for EXR
30 results for FRT
30 results for CFG
30 results for CXO
30 results for AWK
30 results for UDR
30 results for HOLX
30 results for CNC
30 results for FL
30 results for UAA
30 results for ULTA
30 results for GPN
30 results for AYI
30 results for ALK
30 results for DLR
30 results for LKQ
30 results for AJG
30 results for TDG
30 results for FBHS
30 results for LNT
30 results for ALB
30 results for FTV
30 results for MTD
30 results for CHTR
30 results for COO
30 results for COTY
30 results for ARNC
30 results for MAA
30 results for EVHC
30 results for IDXX
30 results for FTI
30 results for INCY
30 results for CBOE
30 results for REG
30 results for DISH
30 results for SNPS
30 results for AMD
30 results for RJF
30 results for ARE
30 results for DXC
30 results for IT
30 results for INFO
30 results for HLT
30 results for RE
30 results for ANSS
30 results for ALGN
30 results for BHGE
30 results for AOS
30 results for DRE
30 results for MGM
30 results for RMD
30 results for PKG
30 results for BHF
sleeping for 1 h
sleeping for 1 h
sleeping for 1 h
sleeping for 1 h
sleeping for 1 h
sleeping for 1 h
sleeping for 1 h
sleeping for 1 h
sleeping for 1 h
sleeping for 1 h
sleeping for 1 h
sleeping for 1 h
sleeping for 1 h
sleeping for 1 h
sleeping for 1 h
sleeping for 1 h
sleeping for 1 h
sleeping for 1 h
sleeping for 1 h
30 results for ABT
30 results for HON
sleeping for 1 h
sleeping for 1 h
30 results for AEP
30 results for BA
30 results for BMY
30 results for CPB
30 results for CAT
30 results for CVX
30 results for KO
30 results for CL
30 results for ED
30 results for GLW
30 results for DE
30 results for DTE
30 results for D
30 results for DWDP
30 results for ETN
30 results for XOM
30 results for F
30 results for GD
30 results for GE
30 results for GT
30 results for HAL
30 results for HSY
30 results for IBM
30 results for IP
30 results for K
30 results for KMB
30 results for KR
30 results for SPGI
30 results for CVS
30 results for MRK
30 results for ETR
30 results for MMM
30 results for MSI
30 results for NSC
30 results for XEL
30 results for FE
30 results for PPG
30 results for PCG
30 results for SRE
30 results for PEP
30 results for PFE
30 results for EXC
30 results for MO
30 results for COP
30 results for PG
30 results for PEG
30 results for RTN
30 results for ROK
30 results for EIX
30 results for SO
30 results for TXN
30 results for UNP
30 results for UTX
30 results for WY
30 results for WHR
30 results for XRX
30 results for SHW
30 results for CMI
30 results for EMR
30 results for SLB
30 results for CSX
30 results for CLX
30 results for GIS
30 results for NEM
30 results for MCD
30 results for LLY
30 results for BAX
30 results for BDX
30 results for JNJ
30 results for GPC
30 results for HPQ
30 results for WMB
30 results for BCR
30 results for IFF
30 results for AET
30 results for AXP
30 results for CI
30 results for JPM
30 results for TAP
30 results for DIS
sleeping for 1 h
sleeping for 1 h
30 results for DUK
30 results for NEE
30 results for LNC
30 results for BAC
30 results for WFC
30 results for TGT
30 results for INTC
30 results for TXT
30 results for VFC
30 results for WBA
30 results for AIG
30 results for FLR
30 results for FDX
30 results for PCAR
30 results for ADP
30 results for GWW
30 results for MAS
30 results for ADM
30 results for MAT
30 results for WMT
30 results for SNA
30 results for SWK
30 results for BF.B
30 results for AAPL
30 results for OXY
30 results for CAG
30 results for LB
30 results for VZ
30 results for T
30 results for LOW
30 results for PHM
30 results for HES
30 results for LMT
30 results for HAS
30 results for BLL
30 results for APD
30 results for NUE
30 results for PKI
30 results for NOC
30 results for CNP
30 results for TJX
30 results for DOV
30 results for PH
30 results for ITW
30 results for JCI
30 results for GPS
30 results for JWN
30 results for MDT
30 results for HRB
30 results for SYY
30 results for CA
30 results for MMC
30 results for AVY
30 results for HD
30 results for PNC
30 results for C
30 results for STI
30 results for NKE
30 results for ECL
30 results for NWL
30 results for TMK
30 results for ORCL
30 results for ADSK
30 results for MRO
30 results for AEE
30 results for AMGN
30 results for PX
30 results for IPG
30 results for COST
30 results for CSCO
30 results for EMN
30 results for KEY
30 results for UNM
30 results for MSFT
30 results for LUV
30 results for UNH
30 results for CBS
30 results for MU
30 results for BSX
30 results for AMAT
sleeping for 1 h
sleeping for 1 h
30 results for BK
30 results for L
30 results for DRI
30 results for ALL
30 results for FCX
30 results for MS
30 results for M
30 results for PPL
30 results for CMA
30 results for HUM
30 results for HIG
30 results for FITB
30 results for AON
30 results for TMO
30 results for AZO
30 results for ADBE
30 results for CAH
30 results for SCHW
30 results for EFX
30 results for APA
30 results for APC
30 results for PGR
30 results for HBAN
30 results for STT
30 results for KLAC
30 results for YUM
30 results for BBT
30 results for CINF
30 results for OMC
30 results for NTRS
30 results for SEE
30 results for BEN
30 results for MAR
30 results for NAVI
30 results for COF
30 results for WM
30 results for KSS
30 results for RF
30 results for PAYX
30 results for AES
30 results for SPLS
30 results for DHR
30 results for CCL
30 results for USB
29 results for TWX
30 results for MCK
30 results for CTL
30 results for AGN
30 results for CMS
30 results for AFL
30 results for NTAP
30 results for BBY
30 results for VMC
30 results for QCOM
30 results for PNW
30 results for ADI
30 results for TROW
30 results for LEG
30 results for XLNX
30 results for CTXS
30 results for HOG
30 results for A
30 results for SBUX
30 results for TIF
30 results for DVN
30 results for MCO
30 results for NI
30 results for EOG
30 results for RHI
30 results for INTU
30 results for MET
30 results for SYK
30 results for CTAS
30 results for FISV
30 results for ZION
30 results for COL
30 results for ZBH
30 results for ABC
30 results for XL
sleeping for 1 h
30 results for NVDA
sleeping for 1 h
30 results for EQR
30 results for WAT
30 results for SPG
30 results for UPS
30 results for EA
30 results for EBAY
30 results for GS
30 results for PRU
30 results for PFG
30 results for ANTM
30 results for MON
30 results for CMCSA
30 results for DGX
30 results for AIV
30 results for MKC
30 results for SYMC
30 results for PLD
30 results for ESRX
30 results for BIIB
30 results for MTB
30 results for ETFC
30 results for MYL
30 results for VLO
30 results for TRV
30 results for GILD
30 results for COH
30 results for LH
30 results for LLL
30 results for FOXA
30 results for NOV
30 results for STZ
30 results for DHI
30 results for TSN
30 results for VNO
30 results for PSA
30 results for AMP
30 results for LEN
30 results for PDCO
30 results for AMZN
30 results for VIAB
30 results for EL
30 results for VRSN
30 results for CHK
30 results for KIM
30 results for BXP
30 results for GOOGL
30 results for JNPR
30 results for WYN
30 results for CME
30 results for WU
30 results for CELG
30 results for FIS
30 results for CBG
30 results for CTSH
30 results for AVB
30 results for RL
30 results for VAR
30 results for CHRW
30 results for HST
30 results for MDLZ
30 results for AIZ
30 results for DFS
30 results for AKAM
30 results for LUK
30 results for MCHP
30 results for ICE
30 results for ANDV
30 results for EXPE
30 results for NBL
30 results for EXPD
30 results for JEC
30 results for AMT
30 results for RRC
30 results for TSS
30 results for HCP
30 results for PM
30 results for ISRG
30 results for COG
30 results for SNI
30 results for MA
sleeping for 1 h
sleeping for 1 h
30 results for DVA
30 results for IVZ
30 results for CF
30 results for FAST
30 results for CRM
30 results for HRS
30 results for PXD
30 results for APH
30 results for FLS
30 results for DPS
30 results for NDAQ
30 results for WEC
30 results for SJM
30 results for PBCT
30 results for XRAY
30 results for WYNN
30 results for SRCL
30 results for RSG
30 results for EQT
30 results for SCG
30 results for FLIR
30 results for IRM
30 results for HCN
30 results for HRL
30 results for VTR
30 results for ES
30 results for ORLY
30 results for WDC
30 results for PWR
30 results for RHT
30 results for FMC
30 results for PCLN
30 results for ROST
30 results for V
30 results for ROP
30 results for NRG
30 results for BRK.B
30 results for HP
30 results for DISCA
30 results for OKE
30 results for CERN
30 results for KMX
30 results for CB
29 results for IR
30 results for NFX
30 results for FFIV
30 results for NFLX
30 results for EW
30 results for BLK
30 results for CMG
30 results for MPC
30 results for ACN
30 results for MOS
30 results for TEL
30 results for XYL
30 results for PRGO
30 results for BWA
30 results for DLTR
30 results for TRIP
30 results for CCI
30 results for PSX
30 results for KMI
30 results for ALXN
30 results for LRCX
30 results for MNST
30 results for STX
30 results for LYB
30 results for PNR
30 results for DG
30 results for GRMN
30 results for DLPH
30 results for ABBV
30 results for PVH
30 results for REGN
30 results for MAC
30 results for KSU
30 results for GM
30 results for ZTS
30 results for NWSA
30 results for NLSN
sleeping for 1 h
sleeping for 1 h
30 results for DAL
30 results for AME
30 results for VRTX
30 results for KORS
30 results for ALLE
30 results for GGP
30 results for MHK
30 results for ADS
30 results for FB
30 results for TSCO
30 results for ESS
30 results for GOOGL
30 results for UAA
30 results for AVGO
30 results for XEC
30 results for AMG
30 results for MLM
30 results for DISCA
30 results for UHS
30 results for URI
30 results for LVLT
30 results for RCL
30 results for HCA
30 results for SWKS
30 results for HSIC
30 results for AAL
30 results for SLG
30 results for EQIX
30 results for HBI
30 results for O
30 results for QRVO
30 results for JBHT
30 results for WRK
30 results for KHC
30 results for AAP
30 results for PYPL
30 results for SIG
30 results for ATVI
30 results for UAL
30 results for FOXA
30 results for NWSA
30 results for VRSK
30 results for HPE
30 results for SYF
30 results for ILMN
30 results for CSRA
30 results for CHD
30 results for WLTW
30 results for EXR
30 results for FRT
30 results for CFG
30 results for CXO
30 results for AWK
30 results for UDR
30 results for HOLX
30 results for CNC
30 results for FL
30 results for UAA
30 results for ULTA
30 results for GPN
30 results for AYI
30 results for ALK
30 results for DLR
30 results for LKQ
30 results for AJG
30 results for TDG
30 results for FBHS
30 results for LNT
30 results for ALB
30 results for FTV
30 results for MTD
30 results for CHTR
30 results for COO
30 results for COTY
30 results for ARNC
30 results for MAA
30 results for EVHC
30 results for IDXX
30 results for FTI
sleeping for 1 h
sleeping for 1 h
30 results for INCY
30 results for CBOE
30 results for REG
30 results for DISH
30 results for SNPS
30 results for AMD
30 results for RJF
30 results for ARE
30 results for DXC
30 results for IT
30 results for INFO
30 results for HLT
30 results for RE
30 results for ANSS
30 results for ALGN
30 results for BHGE
30 results for AOS
30 results for DRE
30 results for MGM
30 results for RMD
30 results for PKG
30 results for BHF
sleeping for 1 h
sleeping for 1 h
sleeping for 1 h
sleeping for 1 h
sleeping for 1 h
sleeping for 1 h
sleeping for 1 h
sleeping for 1 h
sleeping for 1 h
sleeping for 1 h
sleeping for 1 h
sleeping for 1 h
sleeping for 1 h
sleeping for 1 h
sleeping for 1 h
sleeping for 1 h
sleeping for 1 h
sleeping for 1 h
sleeping for 1 h
sleeping for 1 h
sleeping for 1 h
sleeping for 1 h
sleeping for 1 h
sleeping for 1 h
sleeping for 1 h
sleeping for 1 h
sleeping for 1 h
sleeping for 1 h
sleeping for 1 h
sleeping for 1 h
sleeping for 1 h
sleeping for 1 h
sleeping for 1 h
sleeping for 1 h
sleeping for 1 h
sleeping for 1 h
sleeping for 1 h
sleeping for 1 h
sleeping for 1 h
sleeping for 1 h
sleeping for 1 h
sleeping for 1 h
sleeping for 1 h
sleeping for 1 h
sleeping for 1 h
sleeping for 1 h
sleeping for 1 h
sleeping for 1 h
sleeping for 1 h
sleeping for 1 h
sleeping for 1 h
sleeping for 1 h
sleeping for 1 h
sleeping for 1 h
sleeping for 1 h
sleeping for 1 h
-----------
30 results for ABT
30 results for HON
30 results for AEP
30 results for BA
30 results for BMY
30 results for CPB
30 results for CAT
30 results for CVX
30 results for KO
30 results for CL
30 results for ED
30 results for GLW
30 results for DE
30 results for DTE
30 results for D
30 results for DWDP
30 results for ETN
30 results for XOM
30 results for F
30 results for GD
30 results for GE
30 results for GT
30 results for HAL
30 results for HSY
30 results for IBM
30 results for IP
30 results for K
30 results for KMB
30 results for KR
30 results for SPGI
30 results for CVS
30 results for MRK
30 results for ETR
30 results for MMM
30 results for MSI
30 results for NSC
30 results for XEL
30 results for FE
30 results for PPG
30 results for PCG
30 results for SRE
30 results for PEP
30 results for PFE
30 results for EXC
30 results for MO
30 results for COP
30 results for PG
30 results for PEG
30 results for RTN
30 results for ROK
30 results for EIX
30 results for SO
30 results for TXN
30 results for UNP
30 results for UTX
30 results for WY
30 results for WHR
30 results for XRX
30 results for SHW
30 results for CMI
30 results for EMR
30 results for SLB
30 results for CSX
30 results for CLX
30 results for GIS
30 results for NEM
30 results for MCD
30 results for LLY
30 results for BAX
30 results for BDX
30 results for JNJ
30 results for GPC
30 results for HPQ
30 results for WMB
30 results for BCR
30 results for IFF
30 results for AET
30 results for AXP
30 results for CI
30 results for JPM
30 results for TAP
30 results for DIS
30 results for DUK
30 results for NEE
30 results for LNC
30 results for BAC
30 results for WFC
30 results for TGT
30 results for INTC
30 results for TXT
30 results for VFC
30 results for WBA
30 results for AIG
30 results for FLR
30 results for FDX
30 results for PCAR
30 results for ADP
30 results for GWW
30 results for MAS
30 results for ADM
30 results for MAT
30 results for WMT
30 results for SNA
30 results for SWK
30 results for BF.B
30 results for AAPL
30 results for OXY
30 results for CAG
30 results for LB
30 results for VZ
30 results for T
30 results for LOW
30 results for PHM
30 results for HES
30 results for LMT
30 results for HAS
30 results for BLL
30 results for APD
30 results for NUE
30 results for PKI
30 results for NOC
30 results for CNP
30 results for TJX
30 results for DOV
30 results for PH
30 results for ITW
30 results for JCI
30 results for GPS
30 results for JWN
30 results for MDT
30 results for HRB
30 results for SYY
30 results for CA
30 results for MMC
30 results for AVY
30 results for HD
30 results for PNC
30 results for C
30 results for STI
30 results for NKE
30 results for ECL
30 results for NWL
30 results for TMK
30 results for ORCL
30 results for ADSK
30 results for MRO
30 results for AEE
30 results for AMGN
30 results for PX
30 results for IPG
30 results for COST
30 results for CSCO
30 results for EMN
30 results for KEY
30 results for UNM
30 results for MSFT
30 results for LUV
30 results for UNH
30 results for CBS
30 results for MU
30 results for BSX
30 results for AMAT
30 results for BK
30 results for L
30 results for DRI
30 results for ALL
30 results for FCX
30 results for MS
30 results for M
30 results for PPL
30 results for CMA
30 results for HUM
30 results for HIG
30 results for FITB
30 results for AON
30 results for TMO
30 results for AZO
30 results for ADBE
30 results for CAH
30 results for SCHW
30 results for EFX
30 results for APA
30 results for APC
30 results for PGR
30 results for HBAN
30 results for STT
30 results for KLAC
30 results for YUM
30 results for BBT
30 results for CINF
30 results for OMC
30 results for NTRS
30 results for SEE
30 results for BEN
30 results for MAR
30 results for NAVI
30 results for COF
30 results for WM
30 results for KSS
30 results for RF
status_code 429, sleeping for 1 h
status_code 429, sleeping for 1 h
30 results for PAYX
30 results for AES
30 results for SPLS
30 results for DHR
30 results for CCL
30 results for USB
29 results for TWX
30 results for MCK
30 results for CTL
30 results for AGN
30 results for CMS
30 results for AFL
30 results for NTAP
30 results for BBY
30 results for VMC
30 results for QCOM
30 results for PNW
30 results for ADI
30 results for TROW
30 results for LEG
30 results for XLNX
30 results for CTXS
30 results for HOG
30 results for A
30 results for SBUX
30 results for TIF
30 results for DVN
30 results for MCO
30 results for NI
30 results for EOG
30 results for RHI
30 results for INTU
30 results for MET
30 results for SYK
30 results for CTAS
30 results for FISV
30 results for ZION
30 results for COL
30 results for ZBH
30 results for ABC
30 results for XL
30 results for NVDA
30 results for EQR
30 results for WAT
30 results for SPG
30 results for UPS
30 results for EA
30 results for EBAY
30 results for GS
30 results for PRU
30 results for PFG
30 results for ANTM
30 results for MON
30 results for CMCSA
30 results for DGX
30 results for AIV
30 results for MKC
30 results for SYMC
30 results for PLD
30 results for ESRX
30 results for BIIB
30 results for MTB
30 results for ETFC
30 results for MYL
30 results for VLO
30 results for TRV
30 results for GILD
30 results for COH
30 results for LH
30 results for LLL
30 results for FOXA
30 results for NOV
30 results for STZ
30 results for DHI
30 results for TSN
30 results for VNO
30 results for PSA
30 results for AMP
30 results for LEN
30 results for PDCO
30 results for AMZN
30 results for VIAB
30 results for EL
30 results for VRSN
30 results for CHK
30 results for KIM
30 results for BXP
30 results for GOOGL
30 results for JNPR
30 results for WYN
30 results for CME
30 results for WU
30 results for CELG
30 results for FIS
30 results for CBG
30 results for CTSH
30 results for AVB
30 results for RL
30 results for VAR
30 results for CHRW
30 results for HST
30 results for MDLZ
30 results for AIZ
30 results for DFS
30 results for AKAM
30 results for LUK
30 results for MCHP
30 results for ICE
30 results for ANDV
30 results for EXPE
30 results for NBL
30 results for EXPD
30 results for JEC
30 results for AMT
30 results for RRC
30 results for TSS
30 results for HCP
30 results for PM
30 results for ISRG
30 results for COG
30 results for SNI
30 results for MA
30 results for DVA
30 results for IVZ
30 results for CF
30 results for FAST
30 results for CRM
30 results for HRS
30 results for PXD
30 results for APH
30 results for FLS
30 results for DPS
30 results for NDAQ
30 results for WEC
30 results for SJM
30 results for PBCT
30 results for XRAY
30 results for WYNN
30 results for SRCL
30 results for RSG
30 results for EQT
30 results for SCG
30 results for FLIR
30 results for IRM
30 results for HCN
30 results for HRL
30 results for VTR
30 results for ES
30 results for ORLY
30 results for WDC
30 results for PWR
30 results for RHT
30 results for FMC
30 results for PCLN
30 results for ROST
30 results for V
30 results for ROP
30 results for NRG
30 results for BRK.B
30 results for HP
30 results for DISCA
30 results for OKE
30 results for CERN
30 results for KMX
30 results for CB
30 results for IR
30 results for NFX
30 results for FFIV
30 results for NFLX
30 results for EW
30 results for BLK
30 results for CMG
30 results for MPC
30 results for ACN
30 results for MOS
30 results for TEL
30 results for XYL
30 results for PRGO
30 results for BWA
30 results for DLTR
30 results for TRIP
30 results for CCI
30 results for PSX
30 results for KMI
30 results for ALXN
30 results for LRCX
30 results for MNST
30 results for STX
30 results for LYB
30 results for PNR
30 results for DG
30 results for GRMN
30 results for DLPH
30 results for ABBV
30 results for PVH
30 results for REGN
30 results for MAC
30 results for KSU
30 results for GM
30 results for ZTS
status_code 429, sleeping for 1 h
status_code 429, sleeping for 1 h
30 results for NWSA
30 results for NLSN
30 results for DAL
30 results for AME
30 results for VRTX
30 results for KORS
30 results for ALLE
30 results for GGP
30 results for MHK
30 results for ADS
30 results for FB
30 results for TSCO
30 results for ESS
30 results for GOOGL
30 results for UAA
30 results for AVGO
30 results for XEC
30 results for AMG
30 results for MLM
30 results for DISCA
30 results for UHS
30 results for URI
30 results for LVLT
30 results for RCL
30 results for HCA
30 results for SWKS
30 results for HSIC
30 results for AAL
30 results for SLG
30 results for EQIX
30 results for HBI
30 results for O
30 results for QRVO
30 results for JBHT
30 results for WRK
30 results for KHC
30 results for AAP
30 results for PYPL
30 results for SIG
30 results for ATVI
30 results for UAL
30 results for FOXA
30 results for NWSA
30 results for VRSK
30 results for HPE
30 results for SYF
30 results for ILMN
30 results for CSRA
30 results for CHD
30 results for WLTW
30 results for EXR
30 results for FRT
30 results for CFG
30 results for CXO
30 results for AWK
30 results for UDR
30 results for HOLX
30 results for CNC
30 results for FL
30 results for UAA
30 results for ULTA
30 results for GPN
30 results for AYI
30 results for ALK
30 results for DLR
30 results for LKQ
30 results for AJG
30 results for TDG
30 results for FBHS
30 results for LNT
30 results for ALB
30 results for FTV
30 results for MTD
30 results for CHTR
30 results for COO
30 results for COTY
30 results for ARNC
30 results for MAA
30 results for EVHC
30 results for IDXX
30 results for FTI
30 results for INCY
30 results for CBOE
30 results for REG
30 results for DISH
30 results for SNPS
30 results for AMD
30 results for RJF
30 results for ARE
30 results for DXC
30 results for IT
30 results for INFO
30 results for HLT
30 results for RE
30 results for ANSS
30 results for ALGN
30 results for BHGE
30 results for AOS
30 results for DRE
30 results for MGM
30 results for RMD
30 results for PKG
30 results for BHF
status_code 429, sleeping for 1 h
status_code 429, sleeping for 1 h
status_code 429, sleeping for 1 h
status_code 429, sleeping for 1 h
30 results for ABT
30 results for HON
30 results for AEP
30 results for BA
30 results for BMY
30 results for CPB
30 results for CAT
30 results for CVX
30 results for KO
30 results for CL
30 results for ED
30 results for GLW
30 results for DE
30 results for DTE
30 results for D
30 results for DWDP
30 results for ETN
status_code 429, sleeping for 1 h
status_code 429, sleeping for 1 h
30 results for XOM
30 results for F
30 results for GD
30 results for GE
30 results for GT
30 results for HAL
30 results for HSY
30 results for IBM
30 results for IP
30 results for K
30 results for KMB
30 results for KR
30 results for SPGI
30 results for CVS
30 results for MRK
30 results for ETR
30 results for MMM
30 results for MSI
30 results for NSC
30 results for XEL
30 results for FE
30 results for PPG
30 results for PCG
30 results for SRE
30 results for PEP
30 results for PFE
30 results for EXC
30 results for MO
30 results for COP
30 results for PG
30 results for PEG
30 results for RTN
30 results for ROK
30 results for EIX
30 results for SO
30 results for TXN
30 results for UNP
30 results for UTX
30 results for WY
30 results for WHR
30 results for XRX
30 results for SHW
30 results for CMI
30 results for EMR
30 results for SLB
30 results for CSX
30 results for CLX
30 results for GIS
30 results for NEM
30 results for MCD
30 results for LLY
30 results for BAX
30 results for BDX
30 results for JNJ
30 results for GPC
30 results for HPQ
30 results for WMB
30 results for BCR
30 results for IFF
30 results for AET
30 results for AXP
30 results for CI
30 results for JPM
30 results for TAP
30 results for DIS
30 results for DUK
30 results for NEE
30 results for LNC
30 results for BAC
30 results for WFC
30 results for TGT
30 results for INTC
30 results for TXT
30 results for VFC
30 results for WBA
30 results for AIG
30 results for FLR
30 results for FDX
30 results for PCAR
status_code 429, sleeping for 1 h
status_code 429, sleeping for 1 h
30 results for ADP
30 results for GWW
30 results for MAS
30 results for ADM
30 results for MAT
30 results for WMT
30 results for SNA
30 results for SWK
30 results for BF.B
30 results for AAPL
30 results for OXY
30 results for CAG
30 results for LB
30 results for VZ
30 results for T
30 results for LOW
30 results for PHM
30 results for HES
30 results for LMT
30 results for HAS
30 results for BLL
30 results for APD
30 results for NUE
30 results for PKI
30 results for NOC
30 results for CNP
30 results for TJX
30 results for DOV
30 results for PH
30 results for ITW
30 results for JCI
30 results for GPS
30 results for JWN
30 results for MDT
30 results for HRB
30 results for SYY
30 results for CA
30 results for MMC
30 results for AVY
30 results for HD
30 results for PNC
30 results for C
30 results for STI
30 results for NKE
30 results for ECL
30 results for NWL
30 results for TMK
30 results for ORCL
30 results for ADSK
30 results for MRO
30 results for AEE
30 results for AMGN
30 results for PX
30 results for IPG
30 results for COST
30 results for CSCO
30 results for EMN
30 results for KEY
30 results for UNM
30 results for MSFT
30 results for LUV
30 results for UNH
30 results for CBS
30 results for MU
30 results for BSX
30 results for AMAT
30 results for BK
30 results for L
30 results for DRI
30 results for ALL
30 results for FCX
30 results for MS
30 results for M
30 results for PPL
30 results for CMA
30 results for HUM
30 results for HIG
30 results for FITB
30 results for AON
30 results for TMO
30 results for AZO
30 results for ADBE
30 results for CAH
30 results for SCHW
30 results for EFX
status_code 429, sleeping for 1 h
status_code 429, sleeping for 1 h
30 results for APA
30 results for APC
30 results for PGR
30 results for HBAN
30 results for STT
30 results for KLAC
30 results for YUM
30 results for BBT
30 results for CINF
30 results for OMC
30 results for NTRS
30 results for SEE
30 results for BEN
30 results for MAR
30 results for NAVI
30 results for COF
30 results for WM
30 results for KSS
30 results for RF
30 results for PAYX
30 results for AES
30 results for SPLS
30 results for DHR
30 results for CCL
30 results for USB
29 results for TWX
30 results for MCK
30 results for CTL
30 results for AGN
30 results for CMS
30 results for AFL
30 results for NTAP
30 results for BBY
30 results for VMC
30 results for QCOM
30 results for PNW
30 results for ADI
30 results for TROW
30 results for LEG
30 results for XLNX
30 results for CTXS
30 results for HOG
30 results for A
30 results for SBUX
30 results for TIF
30 results for DVN
30 results for MCO
30 results for NI
30 results for EOG
30 results for RHI
30 results for INTU
30 results for MET
30 results for SYK
30 results for CTAS
30 results for FISV
30 results for ZION
30 results for COL
30 results for ZBH
30 results for ABC
30 results for XL
30 results for NVDA
30 results for EQR
30 results for WAT
30 results for SPG
30 results for UPS
30 results for EA
30 results for EBAY
30 results for GS
30 results for PRU
30 results for PFG
30 results for ANTM
30 results for MON
30 results for CMCSA
30 results for DGX
30 results for AIV
30 results for MKC
30 results for SYMC
30 results for PLD
status_code 429, sleeping for 1 h
status_code 429, sleeping for 1 h
30 results for ESRX
30 results for BIIB
30 results for MTB
30 results for ETFC
30 results for MYL
30 results for VLO
30 results for TRV
30 results for GILD
30 results for COH
30 results for LH
30 results for LLL
30 results for FOXA
30 results for NOV
30 results for STZ
30 results for DHI
30 results for TSN
30 results for VNO
30 results for PSA
30 results for AMP
30 results for LEN
30 results for PDCO
30 results for AMZN
30 results for VIAB
30 results for EL
30 results for VRSN
30 results for CHK
30 results for KIM
30 results for BXP
30 results for GOOGL
30 results for JNPR
30 results for WYN
30 results for CME
30 results for WU
30 results for CELG
30 results for FIS
30 results for CBG
30 results for CTSH
30 results for AVB
30 results for RL
30 results for VAR
30 results for CHRW
30 results for HST
30 results for MDLZ
30 results for AIZ
30 results for DFS
30 results for AKAM
30 results for LUK
30 results for MCHP
30 results for ICE
30 results for ANDV
30 results for EXPE
30 results for NBL
30 results for EXPD
30 results for JEC
30 results for AMT
30 results for RRC
30 results for TSS
30 results for HCP
30 results for PM
30 results for ISRG
30 results for COG
30 results for SNI
30 results for MA
30 results for DVA
30 results for IVZ
30 results for CF
30 results for FAST
30 results for CRM
30 results for HRS
30 results for PXD
30 results for APH
30 results for FLS
30 results for DPS
30 results for NDAQ
30 results for WEC
30 results for SJM
30 results for PBCT
30 results for XRAY
status_code 429, sleeping for 1 h
status_code 429, sleeping for 1 h
30 results for WYNN
30 results for SRCL
30 results for RSG
30 results for EQT
30 results for SCG
30 results for FLIR
30 results for IRM
30 results for HCN
30 results for HRL
30 results for VTR
30 results for ES
30 results for ORLY
30 results for WDC
30 results for PWR
30 results for RHT
30 results for FMC
30 results for PCLN
30 results for ROST
30 results for V
30 results for ROP
30 results for NRG
30 results for BRK.B
30 results for HP
30 results for DISCA
30 results for OKE
30 results for CERN
30 results for KMX
30 results for CB
30 results for IR
30 results for NFX
30 results for FFIV
30 results for NFLX
30 results for EW
30 results for BLK
30 results for CMG
30 results for MPC
30 results for ACN
30 results for MOS
30 results for TEL
30 results for XYL
30 results for PRGO
30 results for BWA
30 results for DLTR
30 results for TRIP
30 results for CCI
30 results for PSX
30 results for KMI
30 results for ALXN
30 results for LRCX
30 results for MNST
30 results for STX
30 results for LYB
30 results for PNR
30 results for DG
30 results for GRMN
30 results for DLPH
30 results for ABBV
30 results for PVH
30 results for REGN
30 results for MAC
30 results for KSU
30 results for GM
30 results for ZTS
30 results for NWSA
30 results for NLSN
30 results for DAL
30 results for AME
30 results for VRTX
30 results for KORS
30 results for ALLE
30 results for GGP
30 results for MHK
30 results for ADS
30 results for FB
30 results for TSCO
30 results for ESS
30 results for GOOGL
status_code 429, sleeping for 1 h
30 results for UAA
status_code 429, sleeping for 1 h
30 results for AVGO
30 results for XEC
30 results for AMG
30 results for MLM
30 results for DISCA
30 results for UHS
30 results for URI
30 results for LVLT
30 results for RCL
30 results for HCA
30 results for SWKS
30 results for HSIC
30 results for AAL
30 results for SLG
30 results for EQIX
30 results for HBI
30 results for O
30 results for QRVO
30 results for JBHT
30 results for WRK
30 results for KHC
30 results for AAP
30 results for PYPL
30 results for SIG
30 results for ATVI
30 results for UAL
30 results for FOXA
30 results for NWSA
30 results for VRSK
30 results for HPE
30 results for SYF
30 results for ILMN
30 results for CSRA
30 results for CHD
30 results for WLTW
30 results for EXR
30 results for FRT
30 results for CFG
30 results for CXO
30 results for AWK
30 results for UDR
30 results for HOLX
30 results for CNC
30 results for FL
30 results for UAA
30 results for ULTA
30 results for GPN
30 results for AYI
30 results for ALK
30 results for DLR
30 results for LKQ
30 results for AJG
30 results for TDG
30 results for FBHS
30 results for LNT
30 results for ALB
30 results for FTV
30 results for MTD
30 results for CHTR
30 results for COO
30 results for COTY
30 results for ARNC
30 results for MAA
30 results for EVHC
30 results for IDXX
30 results for FTI
30 results for INCY
30 results for CBOE
30 results for REG
30 results for DISH
30 results for SNPS
30 results for AMD
30 results for RJF
30 results for ARE
30 results for DXC
30 results for IT
30 results for INFO
30 results for HLT
30 results for RE
30 results for ANSS
30 results for ALGN
30 results for BHGE
30 results for AOS
30 results for DRE
30 results for MGM
30 results for RMD
30 results for PKG
30 results for BHF
status_code 429, sleeping for 1 h
status_code 429, sleeping for 1 h
status_code 429, sleeping for 1 h
status_code 429, sleeping for 1 h
status_code 429, sleeping for 1 h
status_code 429, sleeping for 1 h
status_code 429, sleeping for 1 h
status_code 429, sleeping for 1 h
status_code 429, sleeping for 1 h
status_code 429, sleeping for 1 h
status_code 429, sleeping for 1 h
status_code 429, sleeping for 1 h
status_code 429, sleeping for 1 h
status_code 429, sleeping for 1 h
status_code 429, sleeping for 1 h
status_code 429, sleeping for 1 h
status_code 429, sleeping for 1 h
status_code 429, sleeping for 1 h
status_code 429, sleeping for 1 h
status_code 429, sleeping for 1 h
status_code 429, sleeping for 1 h
status_code 429, sleeping for 1 h
status_code 429, sleeping for 1 h
status_code 429, sleeping for 1 h
status_code 429, sleeping for 1 h
status_code 429, sleeping for 1 h
status_code 429, sleeping for 1 h
status_code 429, sleeping for 1 h
status_code 429, sleeping for 1 h
status_code 429, sleeping for 1 h
status_code 429, sleeping for 1 h
status_code 429, sleeping for 1 h
status_code 429, sleeping for 1 h
status_code 429, sleeping for 1 h
status_code 429, sleeping for 1 h
status_code 429, sleeping for 1 h
status_code 429, sleeping for 1 h
status_code 429, sleeping for 1 h
status_code 429, sleeping for 1 h
status_code 429, sleeping for 1 h
status_code 429, sleeping for 1 h
status_code 429, sleeping for 1 h
status_code 429, sleeping for 1 h
status_code 429, sleeping for 1 h
30 results for ABT
30 results for HON
30 results for AEP
30 results for BA
30 results for BMY
30 results for CPB
30 results for CAT
30 results for CVX
30 results for KO
30 results for CL
30 results for ED
30 results for GLW
30 results for DE
30 results for DTE
30 results for D
30 results for DWDP
30 results for ETN
30 results for XOM
30 results for F
30 results for GD
30 results for GE
30 results for GT
30 results for HAL
30 results for HSY
30 results for IBM
30 results for IP
30 results for K
30 results for KMB
30 results for KR
30 results for SPGI
30 results for CVS
30 results for MRK
30 results for ETR
30 results for MMM
30 results for MSI
30 results for NSC
30 results for XEL
30 results for FE
30 results for PPG
30 results for PCG
30 results for SRE
30 results for PEP
30 results for PFE
30 results for EXC
30 results for MO
30 results for COP
30 results for PG
30 results for PEG
30 results for RTN
30 results for ROK
30 results for EIX
30 results for SO
30 results for TXN
30 results for UNP
30 results for UTX
30 results for WY
30 results for WHR
30 results for XRX
30 results for SHW
30 results for CMI
30 results for EMR
30 results for SLB
30 results for CSX
30 results for CLX
30 results for GIS
30 results for NEM
30 results for MCD
30 results for LLY
30 results for BAX
30 results for BDX
30 results for JNJ
30 results for GPC
30 results for HPQ
30 results for WMB
30 results for BCR
30 results for IFF
30 results for AET
30 results for AXP
30 results for CI
30 results for JPM
30 results for TAP
30 results for DIS
30 results for DUK
30 results for NEE
30 results for LNC
30 results for BAC
30 results for WFC
30 results for TGT
30 results for INTC
30 results for TXT
30 results for VFC
30 results for WBA
30 results for AIG
30 results for FLR
30 results for FDX
30 results for PCAR
30 results for ADP
30 results for GWW
30 results for MAS
30 results for ADM
30 results for MAT
30 results for WMT
30 results for SNA
30 results for SWK
30 results for BF.B
30 results for AAPL
30 results for OXY
30 results for CAG
30 results for LB
30 results for VZ
30 results for T
30 results for LOW
30 results for PHM
30 results for HES
30 results for LMT
30 results for HAS
30 results for BLL
30 results for APD
30 results for NUE
30 results for PKI
30 results for NOC
30 results for CNP
30 results for TJX
30 results for DOV
30 results for PH
30 results for ITW
30 results for JCI
30 results for GPS
30 results for JWN
30 results for MDT
30 results for HRB
30 results for SYY
30 results for CA
30 results for MMC
30 results for AVY
30 results for HD
30 results for PNC
30 results for C
30 results for STI
30 results for NKE
30 results for ECL
30 results for NWL
30 results for TMK
30 results for ORCL
30 results for ADSK
30 results for MRO
30 results for AEE
30 results for AMGN
30 results for PX
30 results for IPG
30 results for COST
30 results for CSCO
30 results for EMN
30 results for KEY
30 results for UNM
30 results for MSFT
30 results for LUV
30 results for UNH
30 results for CBS
30 results for MU
30 results for BSX
30 results for AMAT
30 results for BK
30 results for L
30 results for DRI
30 results for ALL
30 results for FCX
30 results for MS
30 results for M
30 results for PPL
30 results for CMA
30 results for HUM
30 results for HIG
30 results for FITB
30 results for AON
30 results for TMO
30 results for AZO
30 results for ADBE
30 results for CAH
30 results for SCHW
30 results for EFX
30 results for APA
30 results for APC
30 results for PGR
30 results for HBAN
30 results for STT
30 results for KLAC
30 results for YUM
30 results for BBT
30 results for CINF
30 results for OMC
30 results for NTRS
30 results for SEE
30 results for BEN
30 results for MAR
30 results for NAVI
30 results for COF
30 results for WM
30 results for KSS
30 results for RF
status_code 429, sleeping for 1 h
30 results for PAYX
30 results for AES
30 results for SPLS
30 results for DHR
30 results for CCL
30 results for USB
29 results for TWX
30 results for MCK
30 results for CTL
30 results for AGN
30 results for CMS
30 results for AFL
30 results for NTAP
30 results for BBY
30 results for VMC
30 results for QCOM
30 results for PNW
30 results for ADI
30 results for TROW
30 results for LEG
30 results for XLNX
30 results for CTXS
30 results for HOG
30 results for A
30 results for SBUX
30 results for TIF
30 results for DVN
30 results for MCO
30 results for NI
30 results for EOG
30 results for RHI
30 results for INTU
30 results for MET
30 results for SYK
30 results for CTAS
30 results for FISV
30 results for ZION
30 results for COL
30 results for ZBH
30 results for ABC
30 results for XL
30 results for NVDA
30 results for EQR
30 results for WAT
30 results for SPG
30 results for UPS
30 results for EA
30 results for EBAY
30 results for GS
30 results for PRU
30 results for PFG
30 results for ANTM
30 results for MON
30 results for CMCSA
30 results for DGX
30 results for AIV
30 results for MKC
30 results for SYMC
30 results for PLD
30 results for ESRX
30 results for BIIB
30 results for MTB
30 results for ETFC
30 results for MYL
30 results for VLO
30 results for TRV
30 results for GILD
30 results for COH
30 results for LH
30 results for LLL
30 results for FOXA
30 results for NOV
30 results for STZ
30 results for DHI
30 results for TSN
30 results for VNO
30 results for PSA
30 results for AMP
30 results for LEN
30 results for PDCO
30 results for AMZN
30 results for VIAB
30 results for EL
30 results for VRSN
30 results for CHK
30 results for KIM
30 results for BXP
30 results for GOOGL
30 results for JNPR
30 results for WYN
30 results for CME
30 results for WU
30 results for CELG
30 results for FIS
30 results for CBG
30 results for CTSH
30 results for AVB
30 results for RL
30 results for VAR
30 results for CHRW
30 results for HST
30 results for MDLZ
30 results for AIZ
30 results for DFS
30 results for AKAM
30 results for LUK
30 results for MCHP
30 results for ICE
30 results for ANDV
30 results for EXPE
30 results for NBL
30 results for EXPD
30 results for JEC
30 results for AMT
30 results for RRC
30 results for TSS
30 results for HCP
30 results for PM
30 results for ISRG
30 results for COG
30 results for SNI
30 results for MA
30 results for DVA
30 results for IVZ
30 results for CF
30 results for FAST
30 results for CRM
30 results for HRS
30 results for PXD
30 results for APH
30 results for FLS
30 results for DPS
30 results for NDAQ
30 results for WEC
30 results for SJM
30 results for PBCT
30 results for XRAY
30 results for WYNN
30 results for SRCL
30 results for RSG
30 results for EQT
30 results for SCG
30 results for FLIR
30 results for IRM
30 results for HCN
30 results for HRL
30 results for VTR
30 results for ES
30 results for ORLY
30 results for WDC
30 results for PWR
30 results for RHT
30 results for FMC
30 results for PCLN
30 results for ROST
30 results for V
30 results for ROP
30 results for NRG
30 results for BRK.B
30 results for HP
30 results for DISCA
30 results for OKE
30 results for CERN
30 results for KMX
30 results for CB
30 results for IR
30 results for NFX
30 results for FFIV
30 results for NFLX
30 results for EW
30 results for BLK
30 results for CMG
30 results for MPC
30 results for ACN
30 results for MOS
30 results for TEL
30 results for XYL
30 results for PRGO
30 results for BWA
30 results for DLTR
30 results for TRIP
30 results for CCI
30 results for PSX
30 results for KMI
30 results for ALXN
30 results for LRCX
30 results for MNST
30 results for STX
30 results for LYB
30 results for PNR
30 results for DG
30 results for GRMN
30 results for DLPH
30 results for ABBV
30 results for PVH
30 results for REGN
30 results for MAC
30 results for KSU
30 results for GM
30 results for ZTS
status_code 429, sleeping for 1 h
30 results for NWSA
30 results for NLSN
30 results for DAL
30 results for AME
30 results for VRTX
30 results for KORS
30 results for ALLE
30 results for GGP
30 results for MHK
30 results for ADS
30 results for FB
30 results for TSCO
30 results for ESS
30 results for GOOGL
30 results for UAA
30 results for AVGO
30 results for XEC
30 results for AMG
30 results for MLM
30 results for DISCA
30 results for UHS
30 results for URI
30 results for LVLT
30 results for RCL
30 results for HCA
30 results for SWKS
30 results for HSIC
30 results for AAL
30 results for SLG
30 results for EQIX
30 results for HBI
30 results for O
30 results for QRVO
30 results for JBHT
30 results for WRK
30 results for KHC
30 results for AAP
30 results for PYPL
30 results for SIG
30 results for ATVI
30 results for UAL
30 results for FOXA
30 results for NWSA
30 results for VRSK
30 results for HPE
30 results for SYF
30 results for ILMN
30 results for CSRA
30 results for CHD
30 results for WLTW
30 results for EXR
30 results for FRT
30 results for CFG
30 results for CXO
30 results for AWK
30 results for UDR
30 results for HOLX
30 results for CNC
30 results for FL
30 results for UAA
30 results for ULTA
30 results for GPN
30 results for AYI
30 results for ALK
30 results for DLR
30 results for LKQ
30 results for AJG
30 results for TDG
30 results for FBHS
30 results for LNT
30 results for ALB
30 results for FTV
30 results for MTD
30 results for CHTR
30 results for COO
30 results for COTY
30 results for ARNC
30 results for MAA
30 results for EVHC
30 results for IDXX
30 results for FTI
30 results for INCY
30 results for CBOE
30 results for REG
30 results for DISH
30 results for SNPS
30 results for AMD
30 results for RJF
30 results for ARE
30 results for DXC
30 results for IT
30 results for INFO
30 results for HLT
30 results for RE
30 results for ANSS
30 results for ALGN
30 results for BHGE
30 results for AOS
30 results for DRE
30 results for MGM
30 results for RMD
30 results for PKG
30 results for BHF
status_code 429, sleeping for 1 h
status_code 429, sleeping for 1 h
status_code 429, sleeping for 1 h
status_code 429, sleeping for 1 h
status_code 429, sleeping for 1 h
{'response': {'status': 429}, 'errors': [{'message': 'Rate limit exceeded. Client may not make more than 200 requests an hour.'}]}
sleeping for 1 h
30 results for ABT
30 results for HON
30 results for AEP
30 results for BA
30 results for BMY
30 results for CPB
30 results for CAT
30 results for CVX
30 results for KO
30 results for CL
30 results for ED
30 results for GLW
30 results for DE
30 results for DTE
30 results for D
30 results for DWDP
30 results for ETN
30 results for XOM
30 results for F
30 results for GD
30 results for GE
30 results for GT
30 results for HAL
30 results for HSY
30 results for IBM
30 results for IP
30 results for K
30 results for KMB
30 results for KR
30 results for SPGI
30 results for CVS
30 results for MRK
30 results for ETR
30 results for MMM
30 results for MSI
30 results for NSC
30 results for XEL
30 results for FE
30 results for PPG
30 results for PCG
30 results for SRE
30 results for PEP
30 results for PFE
30 results for EXC
30 results for MO
30 results for COP
30 results for PG
30 results for PEG
30 results for RTN
30 results for ROK
30 results for EIX
30 results for SO
30 results for TXN
30 results for UNP
30 results for UTX
30 results for WY
30 results for WHR
30 results for XRX
30 results for SHW
30 results for CMI
30 results for EMR
30 results for SLB
30 results for CSX
30 results for CLX
30 results for GIS
30 results for NEM
30 results for MCD
30 results for LLY
30 results for BAX
30 results for BDX
30 results for JNJ
30 results for GPC
30 results for HPQ
30 results for WMB
30 results for BCR
30 results for IFF
30 results for AET
30 results for AXP
30 results for CI
30 results for JPM
30 results for TAP
30 results for DIS
30 results for DUK
30 results for NEE
30 results for LNC
30 results for BAC
30 results for WFC
30 results for TGT
30 results for INTC
30 results for TXT
30 results for VFC
30 results for WBA
30 results for AIG
30 results for FLR
30 results for FDX
30 results for PCAR
30 results for ADP
30 results for GWW
30 results for MAS
30 results for ADM
30 results for MAT
30 results for WMT
30 results for SNA
30 results for SWK
30 results for BF.B
30 results for AAPL
30 results for OXY
30 results for CAG
30 results for LB
30 results for VZ
30 results for T
30 results for LOW
30 results for PHM
30 results for HES
30 results for LMT
30 results for HAS
30 results for BLL
30 results for APD
30 results for NUE
30 results for PKI
30 results for NOC
30 results for CNP
30 results for TJX
30 results for DOV
30 results for PH
30 results for ITW
30 results for JCI
30 results for GPS
30 results for JWN
30 results for MDT
30 results for HRB
30 results for SYY
30 results for CA
30 results for MMC
30 results for AVY
30 results for HD
30 results for PNC
30 results for C
30 results for STI
30 results for NKE
30 results for ECL
30 results for NWL
30 results for TMK
30 results for ORCL
30 results for ADSK
30 results for MRO
30 results for AEE
30 results for AMGN
30 results for PX
30 results for IPG
30 results for COST
30 results for CSCO
30 results for EMN
30 results for KEY
30 results for UNM
30 results for MSFT
30 results for LUV
30 results for UNH
30 results for CBS
30 results for MU
30 results for BSX
30 results for AMAT
30 results for BK
30 results for L
30 results for DRI
30 results for ALL
30 results for FCX
30 results for MS
30 results for M
30 results for PPL
30 results for CMA
30 results for HUM
30 results for HIG
30 results for FITB
30 results for AON
30 results for TMO
30 results for AZO
30 results for ADBE
30 results for CAH
30 results for SCHW
30 results for EFX
30 results for APA
30 results for APC
30 results for PGR
30 results for HBAN
30 results for STT
30 results for KLAC
30 results for YUM
30 results for BBT
30 results for CINF
30 results for OMC
30 results for NTRS
30 results for SEE
30 results for BEN
30 results for MAR
30 results for NAVI
30 results for COF
30 results for WM
30 results for KSS
30 results for RF
{'response': {'status': 429}, 'errors': [{'message': 'Rate limit exceeded. Client may not make more than 200 requests an hour.'}]}
sleeping for 1 h
