2019-09-04 13:02:55.607572started
<urlopen error [Errno 111] Connection refused>
<urlopen error [Errno 111] Connection refused>
<urlopen error [Errno 111] Connection refused>
<urlopen error [Errno 111] Connection refused>
<urlopen error [Errno 111] Connection refused>
<urlopen error [Errno 111] Connection refused>
<urlopen error [Errno 111] Connection refused>
<urlopen error [Errno 111] Connection refused>
<urlopen error [Errno 111] Connection refused>
<urlopen error [Errno 111] Connection refused>
<urlopen error [Errno 111] Connection refused>
<urlopen error [Errno 111] Connection refused>
<urlopen error [Errno 111] Connection refused>
<urlopen error [Errno 111] Connection refused>
<urlopen error [Errno 111] Connection refused>
<urlopen error [Errno 111] Connection refused>
<urlopen error [Errno 111] Connection refused>
<urlopen error [Errno 111] Connection refused>
<urlopen error [Errno 111] Connection refused>
<urlopen error [Errno 111] Connection refused>
<urlopen error [Errno 111] Connection refused>
<urlopen error [Errno 111] Connection refused>
<urlopen error [Errno 111] Connection refused>
<urlopen error [Errno 111] Connection refused>
<urlopen error [Errno 111] Connection refused>
<urlopen error [Errno 111] Connection refused>
<urlopen error [Errno 111] Connection refused>
<urlopen error [Errno 111] Connection refused>
<urlopen error [Errno 111] Connection refused>
<urlopen error [Errno 111] Connection refused>
<urlopen error [Errno 111] Connection refused>
<urlopen error [Errno 111] Connection refused>
<urlopen error [Errno 111] Connection refused>
<urlopen error [Errno 111] Connection refused>
<urlopen error [Errno 111] Connection refused>
<urlopen error [Errno 111] Connection refused>
<urlopen error [Errno 111] Connection refused>
<urlopen error [Errno 111] Connection refused>
<urlopen error [Errno 111] Connection refused>
<urlopen error [Errno 111] Connection refused>
<urlopen error [Errno 111] Connection refused>
<urlopen error [Errno 111] Connection refused>
<urlopen error [Errno 111] Connection refused>
<urlopen error [Errno 111] Connection refused>
<urlopen error [Errno 111] Connection refused>
<urlopen error [Errno 111] Connection refused>
<urlopen error [Errno 111] Connection refused>
<urlopen error [Errno 111] Connection refused>
<urlopen error [Errno 111] Connection refused>
<urlopen error [Errno 111] Connection refused>
<urlopen error [Errno 111] Connection refused>
<urlopen error [Errno 111] Connection refused>
<urlopen error [Errno 111] Connection refused>
<urlopen error [Errno 111] Connection refused>
<urlopen error [Errno 111] Connection refused>
<urlopen error [Errno 111] Connection refused>
<urlopen error [Errno 111] Connection refused>
<urlopen error [Errno 111] Connection refused>
<urlopen error [Errno 111] Connection refused>
<urlopen error [Errno 111] Connection refused>
<urlopen error [Errno 111] Connection refused>
<urlopen error [Errno 111] Connection refused>
<urlopen error [Errno 111] Connection refused>
<urlopen error [Errno 111] Connection refused>
<urlopen error [Errno 111] Connection refused>
<urlopen error [Errno 111] Connection refused>
<urlopen error [Errno 111] Connection refused>
<urlopen error [Errno 111] Connection refused>
<urlopen error [Errno 111] Connection refused>
<urlopen error [Errno 111] Connection refused>
<urlopen error [Errno 111] Connection refused>
<urlopen error [Errno 111] Connection refused>
<urlopen error [Errno 111] Connection refused>
<urlopen error [Errno 111] Connection refused>
<urlopen error [Errno 111] Connection refused>
<urlopen error [Errno 111] Connection refused>
<urlopen error [Errno 111] Connection refused>
<urlopen error [Errno 111] Connection refused>
<urlopen error [Errno 111] Connection refused>
<urlopen error [Errno 111] Connection refused>
<urlopen error [Errno 111] Connection refused>
<urlopen error [Errno 111] Connection refused>
<urlopen error [Errno 111] Connection refused>
<urlopen error [Errno 111] Connection refused>
<urlopen error [Errno 111] Connection refused>
<urlopen error [Errno 111] Connection refused>
<urlopen error [Errno 111] Connection refused>
<urlopen error [Errno 111] Connection refused>
<urlopen error [Errno 111] Connection refused>
<urlopen error [Errno 111] Connection refused>
<urlopen error [Errno 111] Connection refused>
<urlopen error [Errno 111] Connection refused>
<urlopen error [Errno 111] Connection refused>
<urlopen error [Errno 111] Connection refused>
<urlopen error [Errno 111] Connection refused>
<urlopen error [Errno 111] Connection refused>
<urlopen error [Errno 111] Connection refused>
<urlopen error [Errno 111] Connection refused>
<urlopen error [Errno 111] Connection refused>
<urlopen error [Errno 111] Connection refused>
<urlopen error [Errno 111] Connection refused>
<urlopen error [Errno 111] Connection refused>
<urlopen error [Errno 111] Connection refused>
<urlopen error [Errno 111] Connection refused>
<urlopen error [Errno 111] Connection refused>
<urlopen error [Errno 111] Connection refused>
<urlopen error [Errno 111] Connection refused>
<urlopen error [Errno 111] Connection refused>
<urlopen error [Errno 111] Connection refused>
<urlopen error [Errno 111] Connection refused>
<urlopen error [Errno 111] Connection refused>
<urlopen error [Errno 111] Connection refused>
<urlopen error [Errno 111] Connection refused>
<urlopen error [Errno 111] Connection refused>
<urlopen error [Errno 111] Connection refused>
<urlopen error [Errno 111] Connection refused>
<urlopen error [Errno 111] Connection refused>
<urlopen error [Errno 111] Connection refused>
<urlopen error [Errno 111] Connection refused>
<urlopen error [Errno 111] Connection refused>
<urlopen error [Errno 111] Connection refused>
<urlopen error [Errno 111] Connection refused>
<urlopen error [Errno 111] Connection refused>
<urlopen error [Errno 111] Connection refused>
<urlopen error [Errno 111] Connection refused>
<urlopen error [Errno 111] Connection refused>
<urlopen error [Errno 111] Connection refused>
<urlopen error [Errno 111] Connection refused>
<urlopen error [Errno 111] Connection refused>
<urlopen error [Errno 111] Connection refused>
<urlopen error [Errno 111] Connection refused>
<urlopen error [Errno 111] Connection refused>
<urlopen error [Errno 111] Connection refused>
<urlopen error [Errno 111] Connection refused>
<urlopen error [Errno 111] Connection refused>
<urlopen error [Errno 111] Connection refused>
<urlopen error [Errno 111] Connection refused>
<urlopen error [Errno 111] Connection refused>
<urlopen error [Errno 111] Connection refused>
<urlopen error [Errno 111] Connection refused>
<urlopen error [Errno 111] Connection refused>
<urlopen error [Errno 111] Connection refused>
<urlopen error [Errno 111] Connection refused>
<urlopen error [Errno 111] Connection refused>
<urlopen error [Errno 111] Connection refused>
<urlopen error [Errno 111] Connection refused>
<urlopen error [Errno 111] Connection refused>
<urlopen error [Errno 111] Connection refused>
<urlopen error [Errno 111] Connection refused>
<urlopen error [Errno 111] Connection refused>
<urlopen error [Errno 111] Connection refused>
<urlopen error [Errno 111] Connection refused>
<urlopen error [Errno 111] Connection refused>
<urlopen error [Errno 111] Connection refused>
<urlopen error [Errno 111] Connection refused>
<urlopen error [Errno 111] Connection refused>
<urlopen error [Errno 111] Connection refused>
<urlopen error [Errno 111] Connection refused>
<urlopen error [Errno 111] Connection refused>
<urlopen error [Errno 111] Connection refused>
<urlopen error [Errno 111] Connection refused>
<urlopen error [Errno 111] Connection refused>
<urlopen error [Errno 111] Connection refused>
<urlopen error [Errno 111] Connection refused>
<urlopen error [Errno 111] Connection refused>
<urlopen error [Errno 111] Connection refused>
<urlopen error [Errno 111] Connection refused>
<urlopen error [Errno 111] Connection refused>
<urlopen error [Errno 111] Connection refused>
<urlopen error [Errno 111] Connection refused>
<urlopen error [Errno 111] Connection refused>
<urlopen error [Errno 111] Connection refused>
<urlopen error [Errno 111] Connection refused>
<urlopen error [Errno 111] Connection refused>
<urlopen error [Errno 111] Connection refused>
<urlopen error [Errno 111] Connection refused>
<urlopen error [Errno 111] Connection refused>
<urlopen error [Errno 111] Connection refused>
<urlopen error [Errno 111] Connection refused>
<urlopen error [Errno 111] Connection refused>
<urlopen error [Errno 111] Connection refused>
<urlopen error [Errno 111] Connection refused>
<urlopen error [Errno 111] Connection refused>
<urlopen error [Errno 111] Connection refused>
<urlopen error [Errno 111] Connection refused>
<urlopen error [Errno 111] Connection refused>
<urlopen error [Errno 111] Connection refused>
<urlopen error [Errno 111] Connection refused>
<urlopen error [Errno 111] Connection refused>
<urlopen error [Errno 111] Connection refused>
<urlopen error [Errno 111] Connection refused>
<urlopen error [Errno 111] Connection refused>
<urlopen error [Errno 111] Connection refused>
<urlopen error [Errno 111] Connection refused>
<urlopen error [Errno 111] Connection refused>
<urlopen error [Errno 111] Connection refused>
<urlopen error [Errno 111] Connection refused>
<urlopen error [Errno 111] Connection refused>
<urlopen error [Errno 111] Connection refused>
<urlopen error [Errno 111] Connection refused>
<urlopen error [Errno 111] Connection refused>
<urlopen error [Errno 111] Connection refused>
<urlopen error [Errno 111] Connection refused>
<urlopen error [Errno 111] Connection refused>
<urlopen error [Errno 111] Connection refused>
<urlopen error [Errno 111] Connection refused>
<urlopen error [Errno 111] Connection refused>
<urlopen error [Errno 111] Connection refused>
<urlopen error [Errno 111] Connection refused>
<urlopen error [Errno 111] Connection refused>
<urlopen error [Errno 111] Connection refused>
<urlopen error [Errno 111] Connection refused>
<urlopen error [Errno 111] Connection refused>
<urlopen error [Errno 111] Connection refused>
<urlopen error [Errno 111] Connection refused>
<urlopen error [Errno 111] Connection refused>
<urlopen error [Errno 111] Connection refused>
<urlopen error [Errno 111] Connection refused>
<urlopen error [Errno 111] Connection refused>
<urlopen error [Errno 111] Connection refused>
<urlopen error [Errno 111] Connection refused>
<urlopen error [Errno 111] Connection refused>
<urlopen error [Errno 111] Connection refused>
<urlopen error [Errno 111] Connection refused>
<urlopen error [Errno 111] Connection refused>
<urlopen error [Errno 111] Connection refused>
<urlopen error [Errno 111] Connection refused>
<urlopen error [Errno 111] Connection refused>
<urlopen error [Errno 111] Connection refused>
<urlopen error [Errno 111] Connection refused>
<urlopen error [Errno 111] Connection refused>
<urlopen error [Errno 111] Connection refused>
<urlopen error [Errno 111] Connection refused>
<urlopen error [Errno 111] Connection refused>
<urlopen error [Errno 111] Connection refused>
<urlopen error [Errno 111] Connection refused>
<urlopen error [Errno 111] Connection refused>
<urlopen error [Errno 111] Connection refused>
<urlopen error [Errno 111] Connection refused>
<urlopen error [Errno 111] Connection refused>
<urlopen error [Errno 111] Connection refused>
<urlopen error [Errno 111] Connection refused>
<urlopen error [Errno 111] Connection refused>
<urlopen error [Errno 111] Connection refused>
<urlopen error [Errno 111] Connection refused>
<urlopen error [Errno 111] Connection refused>
<urlopen error [Errno 111] Connection refused>
<urlopen error [Errno 111] Connection refused>
<urlopen error [Errno 111] Connection refused>
<urlopen error [Errno 111] Connection refused>
<urlopen error [Errno 111] Connection refused>
<urlopen error [Errno 111] Connection refused>
<urlopen error [Errno 111] Connection refused>
<urlopen error [Errno 111] Connection refused>
<urlopen error [Errno 111] Connection refused>
<urlopen error [Errno 111] Connection refused>
<urlopen error [Errno 111] Connection refused>
<urlopen error [Errno 111] Connection refused>
<urlopen error [Errno 111] Connection refused>
<urlopen error [Errno 111] Connection refused>
<urlopen error [Errno 111] Connection refused>
<urlopen error [Errno 111] Connection refused>
<urlopen error [Errno 111] Connection refused>
<urlopen error [Errno 111] Connection refused>
<urlopen error [Errno 111] Connection refused>
<urlopen error [Errno 111] Connection refused>
<urlopen error [Errno 111] Connection refused>
<urlopen error [Errno 111] Connection refused>
<urlopen error [Errno 111] Connection refused>
<urlopen error [Errno 111] Connection refused>
<urlopen error [Errno 111] Connection refused>
<urlopen error [Errno 111] Connection refused>
<urlopen error [Errno 111] Connection refused>
<urlopen error [Errno 111] Connection refused>
<urlopen error [Errno 111] Connection refused>
<urlopen error [Errno 111] Connection refused>
<urlopen error [Errno 111] Connection refused>
<urlopen error [Errno 111] Connection refused>
<urlopen error [Errno 111] Connection refused>
<urlopen error [Errno 111] Connection refused>
<urlopen error [Errno 111] Connection refused>
<urlopen error [Errno 111] Connection refused>
<urlopen error [Errno 111] Connection refused>
<urlopen error [Errno 111] Connection refused>
<urlopen error [Errno 111] Connection refused>
<urlopen error [Errno 111] Connection refused>
<urlopen error [Errno 111] Connection refused>
<urlopen error [Errno 111] Connection refused>
<urlopen error [Errno 111] Connection refused>
<urlopen error [Errno 111] Connection refused>
<urlopen error [Errno 111] Connection refused>
<urlopen error [Errno 111] Connection refused>
<urlopen error [Errno 111] Connection refused>
<urlopen error [Errno 111] Connection refused>
<urlopen error [Errno 111] Connection refused>
<urlopen error [Errno 111] Connection refused>
<urlopen error [Errno 111] Connection refused>
<urlopen error [Errno 111] Connection refused>
<urlopen error [Errno 111] Connection refused>
<urlopen error [Errno 111] Connection refused>
<urlopen error [Errno 111] Connection refused>
<urlopen error [Errno 111] Connection refused>
<urlopen error [Errno 111] Connection refused>
<urlopen error [Errno 111] Connection refused>
<urlopen error [Errno 111] Connection refused>
<urlopen error [Errno 111] Connection refused>
<urlopen error [Errno 111] Connection refused>
<urlopen error [Errno 111] Connection refused>
<urlopen error [Errno 111] Connection refused>
<urlopen error [Errno 111] Connection refused>
<urlopen error [Errno 111] Connection refused>
<urlopen error [Errno 111] Connection refused>
<urlopen error [Errno 111] Connection refused>
<urlopen error [Errno 111] Connection refused>
<urlopen error [Errno 111] Connection refused>
<urlopen error [Errno 111] Connection refused>
<urlopen error [Errno 111] Connection refused>
<urlopen error [Errno 111] Connection refused>
<urlopen error [Errno 111] Connection refused>
<urlopen error [Errno 111] Connection refused>
<urlopen error [Errno 111] Connection refused>
<urlopen error [Errno 111] Connection refused>
<urlopen error [Errno 111] Connection refused>
<urlopen error [Errno 111] Connection refused>
<urlopen error [Errno 111] Connection refused>
<urlopen error [Errno 111] Connection refused>
<urlopen error [Errno 111] Connection refused>
<urlopen error [Errno 111] Connection refused>
<urlopen error [Errno 111] Connection refused>
<urlopen error [Errno 111] Connection refused>
<urlopen error [Errno 111] Connection refused>
<urlopen error [Errno 111] Connection refused>
<urlopen error [Errno 111] Connection refused>
<urlopen error [Errno 111] Connection refused>
<urlopen error [Errno 111] Connection refused>
<urlopen error [Errno 111] Connection refused>
<urlopen error [Errno 111] Connection refused>
<urlopen error [Errno 111] Connection refused>
<urlopen error [Errno 111] Connection refused>
<urlopen error [Errno 111] Connection refused>
<urlopen error [Errno 111] Connection refused>
<urlopen error [Errno 111] Connection refused>
<urlopen error [Errno 111] Connection refused>
<urlopen error [Errno 111] Connection refused>
<urlopen error [Errno 111] Connection refused>
<urlopen error [Errno 111] Connection refused>
<urlopen error [Errno 111] Connection refused>
<urlopen error [Errno 111] Connection refused>
<urlopen error [Errno 111] Connection refused>
<urlopen error [Errno 111] Connection refused>
<urlopen error [Errno 111] Connection refused>
<urlopen error [Errno 111] Connection refused>
<urlopen error [Errno 111] Connection refused>
<urlopen error [Errno 111] Connection refused>
<urlopen error [Errno 111] Connection refused>
<urlopen error [Errno 111] Connection refused>
<urlopen error [Errno 111] Connection refused>
<urlopen error [Errno 111] Connection refused>
<urlopen error [Errno 111] Connection refused>
<urlopen error [Errno 111] Connection refused>
<urlopen error [Errno 111] Connection refused>
<urlopen error [Errno 111] Connection refused>
<urlopen error [Errno 111] Connection refused>
<urlopen error [Errno 111] Connection refused>
<urlopen error [Errno 111] Connection refused>
<urlopen error [Errno 111] Connection refused>
<urlopen error [Errno 111] Connection refused>
<urlopen error [Errno 111] Connection refused>
<urlopen error [Errno 111] Connection refused>
<urlopen error [Errno 111] Connection refused>
<urlopen error [Errno 111] Connection refused>
<urlopen error [Errno 111] Connection refused>
<urlopen error [Errno 111] Connection refused>
<urlopen error [Errno 111] Connection refused>
<urlopen error [Errno 111] Connection refused>
<urlopen error [Errno 111] Connection refused>
<urlopen error [Errno 111] Connection refused>
<urlopen error [Errno 111] Connection refused>
<urlopen error [Errno 111] Connection refused>
<urlopen error [Errno 111] Connection refused>
<urlopen error [Errno 111] Connection refused>
<urlopen error [Errno 111] Connection refused>
<urlopen error [Errno 111] Connection refused>
<urlopen error [Errno 111] Connection refused>
<urlopen error [Errno 111] Connection refused>
<urlopen error [Errno 111] Connection refused>
<urlopen error [Errno 111] Connection refused>
<urlopen error [Errno 111] Connection refused>
<urlopen error [Errno 111] Connection refused>
<urlopen error [Errno 111] Connection refused>
<urlopen error [Errno 111] Connection refused>
<urlopen error [Errno 111] Connection refused>
<urlopen error [Errno 111] Connection refused>
<urlopen error [Errno 111] Connection refused>
<urlopen error [Errno 111] Connection refused>
<urlopen error [Errno 111] Connection refused>
<urlopen error [Errno 111] Connection refused>
<urlopen error [Errno 111] Connection refused>
<urlopen error [Errno 111] Connection refused>
<urlopen error [Errno 111] Connection refused>
<urlopen error [Errno 111] Connection refused>
<urlopen error [Errno 111] Connection refused>
<urlopen error [Errno 111] Connection refused>
<urlopen error [Errno 111] Connection refused>
<urlopen error [Errno 111] Connection refused>
<urlopen error [Errno 111] Connection refused>
<urlopen error [Errno 111] Connection refused>
<urlopen error [Errno 111] Connection refused>
<urlopen error [Errno 111] Connection refused>
<urlopen error [Errno 111] Connection refused>
<urlopen error [Errno 111] Connection refused>
<urlopen error [Errno 111] Connection refused>
<urlopen error [Errno 111] Connection refused>
<urlopen error [Errno 111] Connection refused>
<urlopen error [Errno 111] Connection refused>
<urlopen error [Errno 111] Connection refused>
<urlopen error [Errno 111] Connection refused>
<urlopen error [Errno 111] Connection refused>
<urlopen error [Errno 111] Connection refused>
<urlopen error [Errno 111] Connection refused>
<urlopen error [Errno 111] Connection refused>
<urlopen error [Errno 111] Connection refused>
<urlopen error [Errno 111] Connection refused>
<urlopen error [Errno 111] Connection refused>
<urlopen error [Errno 111] Connection refused>
<urlopen error [Errno 111] Connection refused>
<urlopen error [Errno 111] Connection refused>
<urlopen error [Errno 111] Connection refused>
<urlopen error [Errno 111] Connection refused>
<urlopen error [Errno 111] Connection refused>
<urlopen error [Errno 111] Connection refused>
<urlopen error [Errno 111] Connection refused>
<urlopen error [Errno 111] Connection refused>
<urlopen error [Errno 111] Connection refused>
<urlopen error [Errno 111] Connection refused>
<urlopen error [Errno 111] Connection refused>
<urlopen error [Errno 111] Connection refused>
<urlopen error [Errno 111] Connection refused>
<urlopen error [Errno 111] Connection refused>
<urlopen error [Errno 111] Connection refused>
<urlopen error [Errno 111] Connection refused>
<urlopen error [Errno 111] Connection refused>
<urlopen error [Errno 111] Connection refused>
<urlopen error [Errno 111] Connection refused>
<urlopen error [Errno 111] Connection refused>
<urlopen error [Errno 111] Connection refused>
<urlopen error [Errno 111] Connection refused>
<urlopen error [Errno 111] Connection refused>
<urlopen error [Errno 111] Connection refused>
<urlopen error [Errno 111] Connection refused>
<urlopen error [Errno 111] Connection refused>
<urlopen error [Errno 111] Connection refused>
<urlopen error [Errno 111] Connection refused>
<urlopen error [Errno 111] Connection refused>
<urlopen error [Errno 111] Connection refused>
<urlopen error [Errno 111] Connection refused>
<urlopen error [Errno 111] Connection refused>
<urlopen error [Errno 111] Connection refused>
<urlopen error [Errno 111] Connection refused>
<urlopen error [Errno 111] Connection refused>
<urlopen error [Errno 111] Connection refused>
<urlopen error [Errno 111] Connection refused>
<urlopen error [Errno 111] Connection refused>
<urlopen error [Errno 111] Connection refused>
<urlopen error [Errno 111] Connection refused>
<urlopen error [Errno 111] Connection refused>
<urlopen error [Errno 111] Connection refused>
<urlopen error [Errno 111] Connection refused>
<urlopen error [Errno 111] Connection refused>
<urlopen error [Errno 111] Connection refused>
<urlopen error [Errno 111] Connection refused>
<urlopen error [Errno 111] Connection refused>
<urlopen error [Errno 111] Connection refused>
<urlopen error [Errno 111] Connection refused>
<urlopen error [Errno 111] Connection refused>
<urlopen error [Errno 111] Connection refused>
<urlopen error [Errno 111] Connection refused>
<urlopen error [Errno 111] Connection refused>
<urlopen error [Errno 111] Connection refused>
<urlopen error [Errno 111] Connection refused>
<urlopen error [Errno 111] Connection refused>
<urlopen error [Errno 111] Connection refused>
<urlopen error [Errno 111] Connection refused>
<urlopen error [Errno 111] Connection refused>
<urlopen error [Errno 111] Connection refused>
<urlopen error [Errno 111] Connection refused>
<urlopen error [Errno 111] Connection refused>
<urlopen error [Errno 111] Connection refused>
<urlopen error [Errno 111] Connection refused>
<urlopen error [Errno 111] Connection refused>
<urlopen error [Errno 111] Connection refused>
<urlopen error [Errno 111] Connection refused>
<urlopen error [Errno 111] Connection refused>
<urlopen error [Errno 111] Connection refused>
<urlopen error [Errno 111] Connection refused>
<urlopen error [Errno 111] Connection refused>
<urlopen error [Errno 111] Connection refused>
<urlopen error [Errno 111] Connection refused>
<urlopen error [Errno 111] Connection refused>
<urlopen error [Errno 111] Connection refused>
<urlopen error [Errno 111] Connection refused>
<urlopen error [Errno 111] Connection refused>
<urlopen error [Errno 111] Connection refused>
<urlopen error [Errno 111] Connection refused>
<urlopen error [Errno 111] Connection refused>
2019-09-04 13:03:51.900688 finished
2019-09-04 13:04:32.569208started
<urlopen error [Errno 111] Connection refused>
2019-09-04 13:05:41.392563 started
<urlopen error [Errno 111] Connection refused>
2019-09-04 13:05:41.506432 finished
2019-09-04 13:16:57.617514 started
<urlopen error [Errno 111] Connection refused>
2019-09-04 13:16:57.731325 finished
2019-09-04 13:20:16.047160 started
HTTP Error 403: Forbidden
2019-09-04 13:20:16.618893 finished
