11 results for ABT8 results for HON7 results for AEP15 results for BA15 results for BMY14 results for CPB15 results for CAT12 results for CVX13 results for KO13 results for CL11 results for ED4 results for GLW10 results for DE3 results for DTE12 results for D14 results for DWDP15 results for ETN14 results for XOM13 results for F6 results for GD15 results for GE5 results for GT14 results for HAL11 results for HSY15 results for IBM7 results for IP13 results for K5 results for KMB7 results for KR12 results for SPGI15 results for CVS15 results for MRK5 results for ETR14 results for MMM0 results for MSI8 results for NSC13 results for XEL6 results for FE4 results for PPG15 results for PCG8 results for SRE12 results for PEP15 results for PFE11 results for EXC13 results for MO15 results for COP5 results for PG3 results for PEG12 results for RTN5 results for ROK13 results for EIX12 results for SO10 results for TXN7 results for UNP14 results for UTX5 results for WY14 results for WHR15 results for XRX1 results for SHW11 results for CMI12 results for EMR13 results for SLB12 results for CSX2 results for CLX13 results for GIS15 results for NEM15 results for MCD15 results for LLY6 results for BAX12 results for BDX14 results for JNJ5 results for GPC15 results for HPQ8 results for WMB0 results for BCR15 results for IFF6 results for AET13 results for AXP15 results for CI12 results for JPM15 results for TAP14 results for DIS13 results for DUK11 results for ABT
8 results for HON
7 results for AEP
15 results for BA
15 results for BMY
14 results for CPB
15 results for CAT
12 results for CVX
sleeping for 16 min
11 results for ABT
8 results for HON
7 results for AEP
15 results for BA
15 results for BMY
14 results for CPB
15 results for CAT
12 results for CVX
13 results for KO
13 results for CL
11 results for ED
4 results for GLW
10 results for DE
3 results for DTE
12 results for D
14 results for DWDP
15 results for ETN
14 results for XOM
13 results for F
6 results for GD
15 results for GE
5 results for GT
14 results for HAL
11 results for HSY
15 results for IBM
7 results for IP
13 results for K
5 results for KMB
7 results for KR
12 results for SPGI
15 results for CVS
15 results for MRK
5 results for ETR
14 results for MMM
0 results for MSI
8 results for NSC
13 results for XEL
6 results for FE
4 results for PPG
15 results for PCG
8 results for SRE
12 results for PEP
15 results for PFE
11 results for EXC
13 results for MO
15 results for COP
5 results for PG
3 results for PEG
12 results for RTN
5 results for ROK
13 results for EIX
12 results for SO
10 results for TXN
7 results for UNP
14 results for UTX
5 results for WY
14 results for WHR
15 results for XRX
1 results for SHW
11 results for CMI
12 results for EMR
13 results for SLB
12 results for CSX
2 results for CLX
13 results for GIS
15 results for NEM
15 results for MCD
15 results for LLY
6 results for BAX
12 results for BDX
14 results for JNJ
5 results for GPC
15 results for HPQ
8 results for WMB
0 results for BCR
15 results for IFF
6 results for AET
13 results for AXP
15 results for CI
12 results for JPM
15 results for TAP
14 results for DIS
13 results for DUK
10 results for NEE
4 results for LNC
15 results for BAC
10 results for WFC
sleeping for 16 min
sleeping for 16 min
14 results for TGT
13 results for INTC
8 results for TXT
7 results for VFC
15 results for WBA
11 results for AIG
6 results for FLR
14 results for FDX
5 results for PCAR
10 results for ADP
4 results for GWW
8 results for MAS
13 results for ADM
12 results for MAT
15 results for WMT
1 results for SNA
4 results for SWK
14 results for BF.B
15 results for AAPL
15 results for OXY
4 results for CAG
13 results for LB
13 results for VZ
12 results for T
15 results for LOW
9 results for PHM
5 results for HES
13 results for LMT
12 results for HAS
5 results for BLL
10 results for APD
10 results for NUE
0 results for PKI
15 results for NOC
13 results for CNP
15 results for TJX
10 results for DOV
7 results for PH
9 results for ITW
13 results for JCI
15 results for GPS
10 results for JWN
13 results for MDT
4 results for HRB
8 results for SYY
4 results for CA
6 results for MMC
2 results for AVY
13 results for HD
13 results for PNC
14 results for C
4 results for STI
13 results for NKE
14 results for ECL
14 results for NWL
1 results for TMK
13 results for ORCL
12 results for ADSK
14 results for MRO
11 results for AEE
15 results for AMGN
0 results for PX
3 results for IPG
15 results for COST
12 results for CSCO
7 results for EMN
14 results for KEY
5 results for UNM
15 results for MSFT
11 results for LUV
15 results for UNH
15 results for CBS
15 results for MU
8 results for BSX
14 results for AMAT
15 results for BK
12 results for L
5 results for DRI
13 results for ALL
15 results for FCX
13 results for MS
5 results for M
5 results for PPL
7 results for CMA
12 results for HUM
7 results for HIG
9 results for FITB
7 results for AON
9 results for TMO
4 results for AZO
15 results for ADBE
3 results for CAH
12 results for SCHW
6 results for EFX
14 results for APA
14 results for APC
14 results for PGR
12 results for HBAN
7 results for STT
3 results for KLAC
13 results for YUM
5 results for BBT
6 results for CINF
3 results for OMC
5 results for NTRS
6 results for SEE
3 results for BEN
11 results for MAR
5 results for NAVI
6 results for COF
15 results for WM
13 results for KSS
6 results for RF
8 results for PAYX
2 results for AES
0 results for SPLS
9 results for DHR
15 results for CCL
8 results for USB
13 results for TWX
4 results for MCK
13 results for CTL
15 results for AGN
6 results for CMS
12 results for AFL
12 results for NTAP
15 results for BBY
7 results for VMC
15 results for QCOM
3 results for PNW
12 results for ADI
6 results for TROW
9 results for LEG
14 results for XLNX
13 results for CTXS
11 results for HOG
15 results for A
15 results for SBUX
15 results for TIF
7 results for DVN
9 results for MCO
1 results for NI
8 results for EOG
2 results for RHI
10 results for INTU
13 results for MET
2 results for SYK
4 results for CTAS
11 results for FISV
1 results for ZION
4 results for COL
3 results for ZBH
13 results for ABC
0 results for XL
15 results for NVDA
1 results for EQR
4 results for WAT
14 results for SPG
9 results for UPS
15 results for EA
14 results for EBAY
14 results for GS
10 results for PRU
7 results for PFG
15 results for ANTM
1 results for MON
15 results for CMCSA
11 results for DGX
2 results for AIV
14 results for MKC
8 results for SYMC
4 results for PLD
0 results for ESRX
0 results for BIIB
9 results for MTB
5 results for ETFC
15 results for MYL
13 results for VLO
11 results for TRV
15 results for GILD
sleeping for 16 min
sleeping for 16 min
0 results for COH
4 results for LH
15 results for LLL
10 results for FOXA
12 results for NOV
15 results for STZ
6 results for DHI
3 results for TSN
1 results for VNO
2 results for PSA
15 results for AMP
1 results for LEN
1 results for PDCO
15 results for AMZN
14 results for VIAB
6 results for EL
3 results for VRSN
15 results for CHK
8 results for KIM
2 results for BXP
15 results for GOOGL
14 results for JNPR
2 results for WYN
10 results for CME
12 results for WU
14 results for CELG
9 results for FIS
2 results for CBG
13 results for CTSH
2 results for AVB
6 results for RL
2 results for VAR
2 results for CHRW
10 results for HST
9 results for MDLZ
1 results for AIZ
10 results for DFS
6 results for AKAM
2 results for LUK
4 results for MCHP
12 results for ICE
2 results for ANDV
5 results for EXPE
4 results for NBL
4 results for EXPD
3 results for JEC
9 results for AMT
6 results for RRC
15 results for TSS
9 results for HCP
12 results for PM
13 results for ISRG
9 results for COG
1 results for SNI
15 results for MA
7 results for DVA
12 results for IVZ
10 results for CF
9 results for FAST
15 results for CRM
14 results for HRS
12 results for PXD
14 results for APH
13 results for FLS
1 results for DPS
11 results for NDAQ
3 results for WEC
14 results for SJM
8 results for PBCT
2 results for XRAY
15 results for WYNN
10 results for SRCL
5 results for RSG
10 results for EQT
0 results for SCG
5 results for FLIR
14 results for IRM
0 results for HCN
9 results for HRL
14 results for VTR
15 results for ES
6 results for ORLY
15 results for WDC
7 results for PWR
13 results for RHT
12 results for FMC
4 results for PCLN
12 results for ROST
14 results for V
9 results for ROP
15 results for NRG
15 results for BRK.B
2 results for HP
1 results for DISCA
3 results for OKE
14 results for CERN
14 results for KMX
13 results for CB
8 results for IR
0 results for NFX
2 results for FFIV
15 results for NFLX
10 results for EW
14 results for BLK
15 results for CMG
14 results for MPC
14 results for ACN
11 results for MOS
15 results for TEL
1 results for XYL
7 results for PRGO
12 results for BWA
11 results for DLTR
15 results for TRIP
12 results for CCI
7 results for PSX
9 results for KMI
12 results for ALXN
14 results for LRCX
15 results for MNST
13 results for STX
3 results for LYB
1 results for PNR
13 results for DG
1 results for GRMN
12 results for DLPH
15 results for ABBV
13 results for PVH
14 results for REGN
13 results for MAC
9 results for KSU
15 results for GM
11 results for ZTS
2 results for NWSA
2 results for NLSN
14 results for DAL
7 results for AME
15 results for VRTX
2 results for KORS
0 results for ALLE
1 results for GGP
5 results for MHK
14 results for ADS
15 results for FB
14 results for TSCO
8 results for ESS
15 results for GOOGL
15 results for UAA
15 results for AVGO
6 results for XEC
3 results for AMG
6 results for MLM
1 results for DISCA
3 results for UHS
14 results for URI
0 results for LVLT
14 results for RCL
6 results for HCA
7 results for SWKS
1 results for HSIC
8 results for AAL
0 results for SLG
7 results for EQIX
6 results for HBI
14 results for O
3 results for QRVO
7 results for JBHT
12 results for WRK
15 results for KHC
12 results for AAP
15 results for PYPL
15 results for SIG
14 results for ATVI
15 results for UAL
10 results for FOXA
2 results for NWSA
8 results for VRSK
13 results for HPE
4 results for SYF
15 results for ILMN
sleeping for 16 min
sleeping for 16 min
0 results for CSRA
9 results for CHD
3 results for WLTW
10 results for EXR
6 results for FRT
2 results for CFG
6 results for CXO
9 results for AWK
1 results for UDR
7 results for HOLX
14 results for CNC
8 results for FL
15 results for UAA
14 results for ULTA
15 results for GPN
0 results for AYI
7 results for ALK
5 results for DLR
0 results for LKQ
7 results for AJG
9 results for TDG
4 results for FBHS
7 results for LNT
13 results for ALB
4 results for FTV
1 results for MTD
13 results for CHTR
15 results for COO
13 results for COTY
8 results for ARNC
1 results for MAA
0 results for EVHC
15 results for IDXX
5 results for FTI
14 results for INCY
10 results for CBOE
4 results for REG
13 results for DISH
7 results for SNPS
15 results for AMD
5 results for RJF
13 results for ARE
12 results for DXC
12 results for IT
8 results for INFO
4 results for HLT
3 results for RE
2 results for ANSS
8 results for ALGN
2 results for BHGE
8 results for AOS
3 results for DRE
15 results for MGM
12 results for RMD
15 results for PKG
4 results for BHF
15 results for Q
11 results for SBAC
2019-06-05 15:27:06.209144 finished
12 results for ABT
12 results for HON
14 results for AEP
15 results for BA
15 results for BMY
14 results for CPB
13 results for CAT
11 results for CVX
10 results for KO
13 results for CL
12 results for ED
7 results for GLW
13 results for DE
5 results for DTE
13 results for D
15 results for DWDP
15 results for ETN
14 results for XOM
15 results for F
15 results for GD
15 results for GE
9 results for GT
13 results for HAL
15 results for HSY
13 results for IBM
4 results for IP
14 results for K
13 results for KMB
14 results for KR
5 results for SPGI
15 results for CVS
15 results for MRK
10 results for ETR
14 results for MMM
0 results for MSI
5 results for NSC
13 results for XEL
12 results for FE
5 results for PPG
15 results for PCG
15 results for SRE
13 results for PEP
13 results for PFE
14 results for EXC
13 results for MO
15 results for COP
13 results for PG
11 results for PEG
14 results for RTN
11 results for ROK
9 results for EIX
14 results for SO
7 results for TXN
14 results for UNP
13 results for UTX
12 results for WY
14 results for WHR
15 results for XRX
12 results for SHW
4 results for CMI
14 results for EMR
13 results for SLB
15 results for CSX
7 results for CLX
13 results for GIS
15 results for NEM
14 results for MCD
12 results for LLY
14 results for BAX
13 results for BDX
15 results for JNJ
12 results for GPC
12 results for HPQ
12 results for WMB
0 results for BCR
12 results for IFF
5 results for AET
7 results for AXP
15 results for CI
15 results for JPM
12 results for TAP
13 results for DIS
15 results for DUK
13 results for NEE
2 results for LNC
15 results for BAC
15 results for WFC
14 results for TGT
15 results for INTC
15 results for TXT
3 results for VFC
14 results for WBA
8 results for AIG
10 results for FLR
14 results for FDX
12 results for PCAR
12 results for ADP
3 results for GWW
6 results for MAS
6 results for ADM
12 results for MAT
15 results for WMT
10 results for SNA
5 results for SWK
10 results for BF.B
13 results for AAPL
15 results for OXY
12 results for CAG
8 results for LB
15 results for VZ
13 results for T
14 results for LOW
2 results for PHM
13 results for HES
15 results for LMT
12 results for HAS
10 results for BLL
14 results for APD
7 results for NUE
0 results for PKI
13 results for NOC
12 results for CNP
13 results for TJX
12 results for DOV
12 results for PH
7 results for ITW
11 results for JCI
14 results for GPS
13 results for JWN
15 results for MDT
5 results for HRB
10 results for SYY
4 results for CA
7 results for MMC
0 results for AVY
13 results for HD
12 results for PNC
14 results for C
11 results for STI
15 results for NKE
15 results for ECL
5 results for NWL
0 results for TMK
14 results for ORCL
12 results for ADSK
13 results for MRO
9 results for AEE
15 results for AMGN
1 results for PX
3 results for IPG
15 results for COST
12 results for CSCO
12 results for EMN
15 results for KEY
4 results for UNM
15 results for MSFT
9 results for LUV
15 results for UNH
14 results for CBS
15 results for MU
11 results for BSX
14 results for AMAT
9 results for BK
9 results for L
8 results for DRI
15 results for ALL
15 results for FCX
13 results for MS
11 results for M
7 results for PPL
6 results for CMA
13 results for HUM
8 results for HIG
7 results for FITB
13 results for AON
14 results for TMO
14 results for AZO
13 results for ADBE
2 results for CAH
10 results for SCHW
sleeping for 16 min
sleeping for 16 min
sleeping for 16 min
12 results for ABT
12 results for ABT
12 results for ABT
12 results for ABT
12 results for HON
14 results for AEP
15 results for BA
15 results for BMY
14 results for CPB
13 results for CAT
11 results for CVX
10 results for KO
13 results for CL
12 results for ED
7 results for GLW
13 results for DE
5 results for DTE
13 results for D
15 results for DWDP
15 results for ETN
14 results for XOM
15 results for F
15 results for GD
15 results for GE
9 results for GT
13 results for HAL
15 results for HSY
13 results for IBM
4 results for IP
14 results for K
13 results for KMB
14 results for KR
5 results for SPGI
15 results for CVS
15 results for MRK
10 results for ETR
14 results for MMM
0 results for MSI
5 results for NSC
13 results for XEL
12 results for FE
5 results for PPG
15 results for PCG
15 results for SRE
13 results for PEP
13 results for PFE
14 results for EXC
13 results for MO
15 results for COP
13 results for PG
11 results for PEG
14 results for RTN
11 results for ROK
9 results for EIX
14 results for SO
7 results for TXN
14 results for UNP
13 results for UTX
12 results for WY
14 results for WHR
15 results for XRX
12 results for SHW
4 results for CMI
14 results for EMR
13 results for SLB
15 results for CSX
7 results for CLX
13 results for GIS
15 results for NEM
14 results for MCD
12 results for LLY
14 results for BAX
13 results for BDX
15 results for JNJ
12 results for GPC
12 results for HPQ
12 results for WMB
0 results for BCR
12 results for IFF
5 results for AET
7 results for AXP
15 results for CI
15 results for JPM
12 results for TAP
13 results for DIS
15 results for DUK
13 results for NEE
2 results for LNC
15 results for BAC
15 results for WFC
14 results for TGT
15 results for INTC
15 results for TXT
3 results for VFC
14 results for WBA
8 results for AIG
10 results for FLR
14 results for FDX
12 results for PCAR
12 results for ADP
3 results for GWW
6 results for MAS
6 results for ADM
12 results for MAT
15 results for WMT
10 results for SNA
5 results for SWK
10 results for BF.B
13 results for AAPL
15 results for OXY
12 results for CAG
8 results for LB
15 results for VZ
13 results for T
14 results for LOW
2 results for PHM
13 results for HES
15 results for LMT
12 results for HAS
10 results for BLL
14 results for APD
7 results for NUE
0 results for PKI
13 results for NOC
12 results for CNP
13 results for TJX
12 results for DOV
12 results for PH
7 results for ITW
11 results for JCI
14 results for GPS
13 results for JWN
15 results for MDT
5 results for HRB
10 results for SYY
4 results for CA
7 results for MMC
0 results for AVY
13 results for HD
12 results for PNC
14 results for C
11 results for STI
15 results for NKE
15 results for ECL
5 results for NWL
0 results for TMK
14 results for ORCL
12 results for ADSK
13 results for MRO
9 results for AEE
15 results for AMGN
1 results for PX
3 results for IPG
15 results for COST
12 results for CSCO
12 results for EMN
15 results for KEY
4 results for UNM
15 results for MSFT
9 results for LUV
15 results for UNH
14 results for CBS
15 results for MU
11 results for BSX
14 results for AMAT
9 results for BK
9 results for L
8 results for DRI
15 results for ALL
15 results for FCX
13 results for MS
11 results for M
7 results for PPL
6 results for CMA
13 results for HUM
8 results for HIG
7 results for FITB
13 results for AON
14 results for TMO
14 results for AZO
13 results for ADBE
sleeping for 16 min
sleeping for 16 min
2 results for CAH
10 results for SCHW
8 results for EFX
13 results for APA
15 results for APC
12 results for PGR
5 results for HBAN
9 results for STT
7 results for KLAC
15 results for YUM
6 results for BBT
8 results for CINF
3 results for OMC
4 results for NTRS
9 results for SEE
10 results for BEN
7 results for MAR
3 results for NAVI
8 results for COF
14 results for WM
12 results for KSS
10 results for RF
6 results for PAYX
11 results for AES
0 results for SPLS
6 results for DHR
14 results for CCL
10 results for USB
2 results for TWX
8 results for MCK
11 results for CTL
15 results for AGN
5 results for CMS
11 results for AFL
7 results for NTAP
11 results for BBY
4 results for VMC
15 results for QCOM
10 results for PNW
7 results for ADI
2 results for TROW
5 results for LEG
10 results for XLNX
7 results for CTXS
10 results for HOG
14 results for A
15 results for SBUX
14 results for TIF
13 results for DVN
8 results for MCO
2 results for NI
14 results for EOG
4 results for RHI
11 results for INTU
14 results for MET
10 results for SYK
4 results for CTAS
14 results for FISV
4 results for ZION
2 results for COL
2 results for ZBH
9 results for ABC
1 results for XL
15 results for NVDA
8 results for EQR
0 results for WAT
13 results for SPG
12 results for UPS
15 results for EA
12 results for EBAY
15 results for GS
5 results for PRU
8 results for PFG
15 results for ANTM
4 results for MON
9 results for CMCSA
15 results for DGX
4 results for AIV
2 results for MKC
11 results for SYMC
5 results for PLD
0 results for ESRX
0 results for BIIB
3 results for MTB
4 results for ETFC
15 results for MYL
15 results for VLO
6 results for TRV
15 results for GILD
1 results for COH
13 results for LH
11 results for LLL
5 results for FOXA
10 results for NOV
15 results for STZ
5 results for DHI
11 results for TSN
7 results for VNO
12 results for PSA
15 results for AMP
6 results for LEN
0 results for PDCO
15 results for AMZN
14 results for VIAB
7 results for EL
4 results for VRSN
14 results for CHK
10 results for KIM
0 results for BXP
15 results for GOOGL
15 results for JNPR
0 results for WYN
14 results for CME
15 results for WU
15 results for CELG
4 results for FIS
0 results for CBG
11 results for CTSH
5 results for AVB
10 results for RL
5 results for VAR
7 results for CHRW
7 results for HST
14 results for MDLZ
1 results for AIZ
4 results for DFS
9 results for AKAM
3 results for LUK
9 results for MCHP
15 results for ICE
0 results for ANDV
12 results for EXPE
15 results for NBL
2 results for EXPD
5 results for JEC
13 results for AMT
13 results for RRC
13 results for TSS
7 results for HCP
11 results for PM
14 results for ISRG
6 results for COG
1 results for SNI
14 results for MA
5 results for DVA
14 results for IVZ
10 results for CF
9 results for FAST
14 results for CRM
9 results for HRS
15 results for PXD
11 results for APH
12 results for FLS
1 results for DPS
14 results for NDAQ
4 results for WEC
14 results for SJM
2 results for PBCT
4 results for XRAY
10 results for WYNN
2 results for SRCL
6 results for RSG
11 results for EQT
0 results for SCG
6 results for FLIR
15 results for IRM
0 results for HCN
11 results for HRL
14 results for VTR
15 results for ES
11 results for ORLY
14 results for WDC
5 results for PWR
13 results for RHT
14 results for FMC
9 results for PCLN
10 results for ROST
15 results for V
8 results for ROP
15 results for NRG
sleeping for 16 min
sleeping for 16 min
11 results for BRK.B
9 results for HP
3 results for DISCA
7 results for OKE
15 results for CERN
5 results for KMX
9 results for CB
14 results for IR
3 results for NFX
3 results for FFIV
15 results for NFLX
13 results for EW
4 results for BLK
13 results for CMG
10 results for MPC
14 results for ACN
13 results for MOS
14 results for TEL
9 results for XYL
7 results for PRGO
9 results for BWA
15 results for DLTR
9 results for TRIP
11 results for CCI
7 results for PSX
13 results for KMI
12 results for ALXN
14 results for LRCX
14 results for MNST
9 results for STX
12 results for LYB
7 results for PNR
15 results for DG
4 results for GRMN
10 results for DLPH
13 results for ABBV
10 results for PVH
15 results for REGN
7 results for MAC
12 results for KSU
15 results for GM
13 results for ZTS
2 results for NWSA
0 results for NLSN
10 results for DAL
8 results for AME
15 results for VRTX
1 results for KORS
4 results for ALLE
2 results for GGP
8 results for MHK
8 results for ADS
10 results for FB
14 results for TSCO
5 results for ESS
15 results for GOOGL
15 results for UAA
11 results for AVGO
11 results for XEC
7 results for AMG
3 results for MLM
3 results for DISCA
1 results for UHS
8 results for URI
0 results for LVLT
14 results for RCL
11 results for HCA
13 results for SWKS
3 results for HSIC
14 results for AAL
2 results for SLG
12 results for EQIX
10 results for HBI
11 results for O
9 results for QRVO
5 results for JBHT
5 results for WRK
14 results for KHC
4 results for AAP
15 results for PYPL
12 results for SIG
14 results for ATVI
11 results for UAL
5 results for FOXA
2 results for NWSA
8 results for VRSK
8 results for HPE
0 results for SYF
6 results for ILMN
0 results for CSRA
9 results for CHD
6 results for WLTW
14 results for EXR
9 results for FRT
5 results for CFG
15 results for CXO
8 results for AWK
3 results for UDR
5 results for HOLX
6 results for CNC
8 results for FL
15 results for UAA
11 results for ULTA
14 results for GPN
0 results for AYI
14 results for ALK
6 results for DLR
5 results for LKQ
10 results for AJG
5 results for TDG
2 results for FBHS
8 results for LNT
14 results for ALB
12 results for FTV
13 results for MTD
14 results for CHTR
14 results for COO
10 results for COTY
9 results for ARNC
5 results for MAA
0 results for EVHC
14 results for IDXX
3 results for FTI
14 results for INCY
8 results for CBOE
3 results for REG
9 results for DISH
11 results for SNPS
15 results for AMD
2 results for RJF
14 results for ARE
15 results for DXC
14 results for IT
7 results for INFO
5 results for HLT
4 results for RE
1 results for ANSS
11 results for ALGN
4 results for BHGE
7 results for AOS
2 results for DRE
11 results for MGM
2 results for RMD
13 results for PKG
2 results for BHF
9 results for Q
4 results for SBAC
2019-06-06 10:39:58.390018 finished
